<?xml version="1.0" encoding="UTF-8"?>
<testsuite xmlns:xsi="http://www.w3.org/2001/XMLSchema-instance" xsi:noNamespaceSchemaLocation="https://maven.apache.org/surefire/maven-failsafe-plugin/xsd/failsafe-test-report-3.0.xsd" version="3.0" name="starter.CucumberTestSuite" time="166.477" tests="7" errors="2" skipped="0" failures="0">
  <properties>
[...]
</properties>
  <testcase name="As admin I want to login with valid data" classname="As admin I want to login, so I can register patient" time="31.743">
    <error type="org.openqa.selenium.NoSuchElementException"><![CDATA[org.openqa.selenium.NoSuchElementException: 
no such element: Unable to locate element: {"method":"xpath","selector":"//h1[normalize-space()='Selamat Datang Admin Simars!']"}
  (Session info: chrome=103.0.5060.114)
For documentation on this error, please visit: https://selenium.dev/exceptions/#no_such_element
Build info: version: '4.1.2', revision: '9a5a329c5a'
System info: host: 'DESKTOP-KEF9BIM', ip: '192.168.56.1', os.name: 'Windows 10', os.arch: 'amd64', os.version: '10.0', java.version: '1.8.0_202'
Driver info: org.openqa.selenium.chrome.ChromeDriver
Command: [09d6cbfc1090c469d64b69d80468291c, findElement {using=xpath, value=//h1[normalize-space()='Selamat Datang Admin Simars!']}]
Capabilities {acceptInsecureCerts: false, browserName: chrome, browserVersion: 103.0.5060.114, chrome: {chromedriverVersion: 103.0.5060.53 (a1711811edd7..., userDataDir: C:\Users\Ocky\AppData\Local...}, goog:chromeOptions: {debuggerAddress: localhost:64369}, javascriptEnabled: true, networkConnectionEnabled: false, pageLoadStrategy: normal, platform: WINDOWS, platformName: WINDOWS, proxy: Proxy(), se:cdp: ws://localhost:64369/devtoo..., se:cdpVersion: 103.0.5060.114, setWindowRect: true, strictFileInteractability: false, timeouts: {implicit: 0, pageLoad: 300000, script: 30000}, unhandledPromptBehavior: dismiss and notify, webauthn:extension:credBlob: true, webauthn:extension:largeBlob: true, webauthn:virtualAuthenticators: true}
Session ID: 09d6cbfc1090c469d64b69d80468291c
]]></error>
    <system-out><![CDATA[13:44:06.056 [main] INFO io.cucumber.core.plugin.SerenityReporter - Running feature from file:///C:/Users/Ocky/Documents/final_project/web%20testing/src/test/resources/features/login.feature
13:44:06.713 [main] INFO  - 

-------------------------------------------------------------------------------------
     _______. _______ .______       _______ .__   __.  __  .___________.____    ____ 
    /       ||   ____||   _  \     |   ____||  \ |  | |  | |           |\   \  /   / 
   |   (----`|  |__   |  |_)  |    |  |__   |   \|  | |  | `---|  |----` \   \/   /  
    \   \    |   __|  |      /     |   __|  |  . `  | |  |     |  |       \_    _/   
.----)   |   |  |____ |  |\  \----.|  |____ |  |\   | |  |     |  |         |  |     
|_______/    |_______|| _| `._____||_______||__| \__| |__|     |__|         |__|    
                                                                                     
 News and tutorials at http://www.serenity-bdd.info                                  
 Documentation at https://wakaleo.gitbooks.io/the-serenity-book/content/             
 Join the Serenity Community on Gitter: https://gitter.im/serenity-bdd/serenity-core 
 Serenity BDD Support and Training at http://serenity-bdd.info/#/trainingandsupport  
-------------------------------------------------------------------------------------

13:44:06.722 [main] DEBUG net.thucydides.core.steps.StepEventBus - Test suite started for story net.thucydides.core.model.Story@877614fb
13:44:06.730 [main] INFO  - Test Suite Started: As admin I want to login, so I can register patient
13:44:06.909 [main] INFO io.cucumber.core.plugin.SerenityReporter - Running feature from file:///C:/Users/Ocky/Documents/final_project/web%20testing/src/test/resources/features/pasienlama.feature
13:44:06.919 [main] DEBUG net.thucydides.core.steps.StepEventBus - Test suite started for story net.thucydides.core.model.Story@7bbb2d2d
13:44:06.920 [main] INFO  - Test Suite Started: As admin I want to register a patient so that she/he can get treatment
13:44:06.921 [main] INFO io.cucumber.core.plugin.SerenityReporter - Running feature from file:///C:/Users/Ocky/Documents/final_project/web%20testing/src/test/resources/features/pendaftaranbaru.feature
13:44:06.936 [main] DEBUG net.thucydides.core.steps.StepEventBus - Test suite started for story net.thucydides.core.model.Story@6249b8e9
13:44:06.937 [main] INFO  - Test Suite Started: As admin I want to register a new patient so that he/she can get treatment
13:44:06.940 [main] INFO io.cucumber.core.plugin.SerenityReporter - Running feature from file:///C:/Users/Ocky/Documents/final_project/web%20testing/src/test/resources/features/login.feature
13:44:06.953 [main] DEBUG net.thucydides.core.steps.StepEventBus - Test suite started for story net.thucydides.core.model.Story@877614fb
13:44:06.954 [main] INFO  - Test Suite Started: As admin I want to login, so I can register patient

Scenario: As admin I want to login with valid data &amp#27;[90m# src/test/resources/features/login.feature:3&amp#27;[0m
13:44:07.340 [main] INFO io.cucumber.core.plugin.SerenityReporter - Running feature from file:///C:/Users/Ocky/Documents/final_project/web%20testing/src/test/resources/features/login.feature
13:44:07.669 [main] INFO  - 
  _____   ___   ___   _____     ___   _____     _     ___   _____   ___   ___  
 |_   _| | __| / __| |_   _|   / __| |_   _|   /_\   | _ \ |_   _| | __| |   \ 
   | |   | _|  \__ \   | |     \__ \   | |    / _ \  |   /   | |   | _|  | |) |
   |_|   |___| |___/   |_|     |___/   |_|   /_/ \_\ |_|_\   |_|   |___| |___/ 

As admin I want to login with valid data(as-admin-i-want-to-login--so-i-can-register-patient;as-admin-i-want-to-login-with-valid-data)
--------------------------------------------------------------------------------
13:44:10.659 [main] DEBUG net.thucydides.core.steps.StepInterceptor - STARTING STEP: login.ontheLoginPage - openPage
13:44:10.824 [main] INFO net.serenitybdd.core.webdriver.driverproviders.ChromeDriverProvider - Using automatically driver download
13:44:14.037 [main] DEBUG io.github.bonigarcia.wdm.cache.ResolutionCache - Resolution chrome=103 in cache (valid until 14:34:45 19/07/2022 ICT)
13:44:14.057 [main] DEBUG io.github.bonigarcia.wdm.cache.ResolutionCache - Resolution chrome103=103.0.5060.53 in cache (valid until 00:20:12 20/07/2022 ICT)
13:44:14.071 [main] INFO io.github.bonigarcia.wdm.WebDriverManager - Using chromedriver 103.0.5060.53 (resolved driver for Chrome 103)
13:44:14.140 [main] DEBUG io.github.bonigarcia.wdm.WebDriverManager - Driver chromedriver 103.0.5060.53 found in cache
13:44:14.142 [main] INFO io.github.bonigarcia.wdm.WebDriverManager - Exporting webdriver.chrome.driver as C:\Users\Ocky\.cache\selenium\chromedriver\win32\103.0.5060.53\chromedriver.exe
13:44:14.666 [main] DEBUG net.thucydides.core.reflection.ClassFinder - Could not load class .starter.CucumberTestSuite
13:44:14.667 [main] DEBUG net.thucydides.core.reflection.ClassFinder - Could not load class .starter.definitions.login
13:44:14.667 [main] DEBUG net.thucydides.core.reflection.ClassFinder - Could not load class .starter.definitions.pasienlama
13:44:14.667 [main] DEBUG net.thucydides.core.reflection.ClassFinder - Could not load class .starter.definitions.pendaftaranbaru
13:44:14.668 [main] DEBUG net.thucydides.core.reflection.ClassFinder - Could not load class .starter.pages.homepages
13:44:14.668 [main] DEBUG net.thucydides.core.reflection.ClassFinder - Could not load class .starter.pages.loginpages
13:44:14.669 [main] DEBUG net.thucydides.core.reflection.ClassFinder - Could not load class .starter.pages.pasienlamapage
13:44:14.669 [main] DEBUG net.thucydides.core.reflection.ClassFinder - Could not load class .starter.pages.pendaftaranbarupage
13:44:15.001 [main] DEBUG net.serenitybdd.core.webdriver.driverproviders.ProvideNewDriver - Instantiating driver
13:44:15.002 [main] DEBUG net.serenitybdd.core.webdriver.driverproviders.ProvideNewDriver - Driver capabilities: Capabilities {acceptInsecureCerts: false, base.url: https://development--capsto..., browserName: chrome, chrome.driver: webdriver/chromedriver.exe, driver: chrome, goog:chromeOptions: {args: [], extensions: []}}
13:44:15.273 [main] DEBUG io.netty.util.internal.logging.InternalLoggerFactory - Using SLF4J as the default logging framework
13:44:15.282 [main] DEBUG io.netty.util.ResourceLeakDetector - -Dio.netty.leakDetection.level: simple
13:44:15.283 [main] DEBUG io.netty.util.ResourceLeakDetector - -Dio.netty.leakDetection.targetRecords: 4
13:44:15.295 [main] DEBUG io.netty.util.ResourceLeakDetectorFactory - Loaded default ResourceLeakDetector: io.netty.util.ResourceLeakDetector@14d25b6e
13:44:15.359 [main] DEBUG io.netty.util.internal.PlatformDependent0 - -Dio.netty.noUnsafe: false
13:44:15.360 [main] DEBUG io.netty.util.internal.PlatformDependent0 - Java version: 8
13:44:15.362 [main] DEBUG io.netty.util.internal.PlatformDependent0 - sun.misc.Unsafe.theUnsafe: available
13:44:15.365 [main] DEBUG io.netty.util.internal.PlatformDependent0 - sun.misc.Unsafe.copyMemory: available
13:44:15.366 [main] DEBUG io.netty.util.internal.PlatformDependent0 - java.nio.Buffer.address: available
13:44:15.368 [main] DEBUG io.netty.util.internal.PlatformDependent0 - direct buffer constructor: available
13:44:15.371 [main] DEBUG io.netty.util.internal.PlatformDependent0 - java.nio.Bits.unaligned: available, true
13:44:15.372 [main] DEBUG io.netty.util.internal.PlatformDependent0 - jdk.internal.misc.Unsafe.allocateUninitializedArray(int): unavailable prior to Java9
13:44:15.373 [main] DEBUG io.netty.util.internal.PlatformDependent0 - java.nio.DirectByteBuffer.<init>(long, int): available
13:44:15.374 [main] DEBUG io.netty.util.internal.PlatformDependent - sun.misc.Unsafe: available
13:44:15.375 [main] DEBUG io.netty.util.internal.PlatformDependent - -Dio.netty.tmpdir: C:\Users\Ocky\AppData\Local\Temp (java.io.tmpdir)
13:44:15.376 [main] DEBUG io.netty.util.internal.PlatformDependent - -Dio.netty.bitMode: 64 (sun.arch.data.model)
13:44:15.377 [main] DEBUG io.netty.util.internal.PlatformDependent - Platform: Windows
13:44:15.380 [main] DEBUG io.netty.util.internal.PlatformDependent - -Dio.netty.maxDirectMemory: 2835349504 bytes
13:44:15.381 [main] DEBUG io.netty.util.internal.PlatformDependent - -Dio.netty.uninitializedArrayAllocationThreshold: -1
13:44:15.384 [main] DEBUG io.netty.util.internal.CleanerJava6 - java.nio.ByteBuffer.cleaner(): available
13:44:15.384 [main] DEBUG io.netty.util.internal.PlatformDependent - -Dio.netty.noPreferDirect: false
13:44:15.414 [main] DEBUG io.netty.util.internal.PlatformDependent - org.jctools-core.MpscChunkedArrayQueue: available
13:44:15.479 [main] DEBUG io.netty.util.internal.InternalThreadLocalMap - -Dio.netty.threadLocalMap.stringBuilder.initialSize: 1024
13:44:15.479 [main] DEBUG io.netty.util.internal.InternalThreadLocalMap - -Dio.netty.threadLocalMap.stringBuilder.maxSize: 4096
13:44:15.564 [main] DEBUG io.netty.handler.ssl.JdkSslContext - Default protocols (JDK): [TLSv1.2, TLSv1.1, TLSv1] 
13:44:15.564 [main] DEBUG io.netty.handler.ssl.JdkSslContext - Default cipher suites (JDK): [TLS_ECDHE_ECDSA_WITH_AES_256_GCM_SHA384, TLS_ECDHE_ECDSA_WITH_AES_128_GCM_SHA256, TLS_ECDHE_RSA_WITH_AES_128_GCM_SHA256, TLS_ECDHE_RSA_WITH_AES_256_GCM_SHA384, TLS_ECDHE_RSA_WITH_AES_128_CBC_SHA, TLS_ECDHE_RSA_WITH_AES_256_CBC_SHA, TLS_RSA_WITH_AES_128_GCM_SHA256, TLS_RSA_WITH_AES_128_CBC_SHA, TLS_RSA_WITH_AES_256_CBC_SHA]
13:44:15.653 [main] DEBUG io.netty.channel.MultithreadEventLoopGroup - -Dio.netty.eventLoopThreads: 8
13:44:15.693 [main] DEBUG io.netty.channel.nio.NioEventLoop - -Dio.netty.noKeySetOptimization: false
13:44:15.693 [main] DEBUG io.netty.channel.nio.NioEventLoop - -Dio.netty.selectorAutoRebuildThreshold: 512
13:44:15.862 [main] DEBUG io.netty.buffer.PooledByteBufAllocator - -Dio.netty.allocator.numHeapArenas: 8
13:44:15.863 [main] DEBUG io.netty.buffer.PooledByteBufAllocator - -Dio.netty.allocator.numDirectArenas: 8
13:44:15.863 [main] DEBUG io.netty.buffer.PooledByteBufAllocator - -Dio.netty.allocator.pageSize: 8192
13:44:15.863 [main] DEBUG io.netty.buffer.PooledByteBufAllocator - -Dio.netty.allocator.maxOrder: 11
13:44:15.863 [main] DEBUG io.netty.buffer.PooledByteBufAllocator - -Dio.netty.allocator.chunkSize: 16777216
13:44:15.864 [main] DEBUG io.netty.buffer.PooledByteBufAllocator - -Dio.netty.allocator.smallCacheSize: 256
13:44:15.864 [main] DEBUG io.netty.buffer.PooledByteBufAllocator - -Dio.netty.allocator.normalCacheSize: 64
13:44:15.865 [main] DEBUG io.netty.buffer.PooledByteBufAllocator - -Dio.netty.allocator.maxCachedBufferCapacity: 32768
13:44:15.865 [main] DEBUG io.netty.buffer.PooledByteBufAllocator - -Dio.netty.allocator.cacheTrimInterval: 8192
13:44:15.865 [main] DEBUG io.netty.buffer.PooledByteBufAllocator - -Dio.netty.allocator.cacheTrimIntervalMillis: 0
13:44:15.865 [main] DEBUG io.netty.buffer.PooledByteBufAllocator - -Dio.netty.allocator.useCacheForAllThreads: true
13:44:15.865 [main] DEBUG io.netty.buffer.PooledByteBufAllocator - -Dio.netty.allocator.maxCachedByteBuffersPerChunk: 1023
13:44:15.898 [main] DEBUG io.netty.buffer.ByteBufUtil - -Dio.netty.allocator.type: pooled
13:44:15.898 [main] DEBUG io.netty.buffer.ByteBufUtil - -Dio.netty.threadLocalDirectBufferSize: 0
13:44:15.898 [main] DEBUG io.netty.buffer.ByteBufUtil - -Dio.netty.maxThreadLocalCharBufferSize: 16384
13:44:17.370 [Forwarding newSession on session null to remote] DEBUG io.netty.channel.DefaultChannelId - -Dio.netty.processId: 1452 (auto-detected)
13:44:17.377 [Forwarding newSession on session null to remote] DEBUG io.netty.util.NetUtil - -Djava.net.preferIPv4Stack: false
13:44:17.378 [Forwarding newSession on session null to remote] DEBUG io.netty.util.NetUtil - -Djava.net.preferIPv6Addresses: false
13:44:18.163 [Forwarding newSession on session null to remote] DEBUG io.netty.util.NetUtilInitializations - Loopback interface: lo (Software Loopback Interface 1, 127.0.0.1)
13:44:18.167 [Forwarding newSession on session null to remote] DEBUG io.netty.util.NetUtil - Failed to get SOMAXCONN from sysctl and file \proc\sys\net\core\somaxconn. Default: 200
13:44:18.920 [Forwarding newSession on session null to remote] DEBUG io.netty.channel.DefaultChannelId - -Dio.netty.machineId: b0:fc:36:ff:fe:a8:e3:7f (auto-detected)
13:44:19.160 [AsyncHttpClient-1-2] DEBUG io.netty.buffer.AbstractByteBuf - -Dio.netty.buffer.checkAccessible: true
13:44:19.161 [AsyncHttpClient-1-2] DEBUG io.netty.buffer.AbstractByteBuf - -Dio.netty.buffer.checkBounds: true
13:44:19.161 [AsyncHttpClient-1-2] DEBUG io.netty.util.ResourceLeakDetectorFactory - Loaded default ResourceLeakDetector: io.netty.util.ResourceLeakDetector@3207523b
13:44:19.210 [AsyncHttpClient-1-2] DEBUG org.asynchttpclient.netty.channel.NettyConnectListener - Using new Channel '[id: 0x360e96da, L:/127.0.0.1:64368 - R:localhost/127.0.0.1:52412]' for 'POST' to '/session'
13:44:19.282 [AsyncHttpClient-1-2] DEBUG io.netty.util.Recycler - -Dio.netty.recycler.maxCapacityPerThread: 4096
13:44:19.282 [AsyncHttpClient-1-2] DEBUG io.netty.util.Recycler - -Dio.netty.recycler.ratio: 8
13:44:19.282 [AsyncHttpClient-1-2] DEBUG io.netty.util.Recycler - -Dio.netty.recycler.chunkSize: 32
13:44:19.282 [AsyncHttpClient-1-2] DEBUG io.netty.util.Recycler - -Dio.netty.recycler.blocking: false
13:44:21.807 [AsyncHttpClient-1-2] DEBUG io.netty.handler.codec.compression.Brotli - brotli4j not in the classpath; Brotli support will be unavailable.
13:44:21.808 [AsyncHttpClient-1-2] DEBUG org.asynchttpclient.netty.handler.HttpHandler - 

Request DefaultHttpRequest(decodeResult: success, version: HTTP/1.1)
POST /session HTTP/1.1
User-Agent: selenium/4.1.2 (java windows)
Content-Length: 614
Content-Type: application/json; charset=utf-8
host: localhost:52412
accept: */*

Response DefaultHttpResponse(decodeResult: success, version: HTTP/1.1)
HTTP/1.1 200 OK
Content-Type: application/json; charset=utf-8
cache-control: no-cache
content-length: 790

13:44:21.838 [AsyncHttpClient-1-2] DEBUG org.asynchttpclient.netty.channel.ChannelManager - Adding key: http://localhost:52412 for channel [id: 0x360e96da, L:/127.0.0.1:64368 - R:localhost/127.0.0.1:52412]
13:44:22.185 [AsyncHttpClient-1-1] DEBUG org.asynchttpclient.netty.channel.DefaultChannelPool - Entry count for : http://localhost:52412 : 1
13:44:22.241 [AsyncHttpClient-1-3] DEBUG org.asynchttpclient.netty.channel.NettyConnectListener - Using new Channel '[id: 0x867824c9, L:/127.0.0.1:64377 - R:localhost/127.0.0.1:64369]' for 'GET' to '/json/version'
13:44:22.245 [AsyncHttpClient-1-3] DEBUG org.asynchttpclient.netty.handler.HttpHandler - 

Request DefaultFullHttpRequest(decodeResult: success, version: HTTP/1.1, content: EmptyByteBufBE)
GET /json/version HTTP/1.1
User-Agent: selenium/4.1.2 (java windows)
host: localhost:64369
accept: */*

Response DefaultHttpResponse(decodeResult: success, version: HTTP/1.1)
HTTP/1.1 200 OK
Content-Type: application/json; charset=UTF-8
content-length: 429

13:44:22.246 [AsyncHttpClient-1-3] DEBUG org.asynchttpclient.netty.channel.ChannelManager - Adding key: http://localhost:64369 for channel [id: 0x867824c9, L:/127.0.0.1:64377 - R:localhost/127.0.0.1:64369]
13:44:22.271 [main] DEBUG io.netty.util.internal.ThreadLocalRandom - -Dio.netty.initialSeedUniquifier: 0x9e0c8315cac6b112
13:44:22.300 [AsyncHttpClient-1-4] DEBUG org.asynchttpclient.netty.channel.NettyConnectListener - Using new Channel '[id: 0xb7d806a5, L:/127.0.0.1:64378 - R:localhost/127.0.0.1:64369]' for 'GET' to '/devtools/browser/efe19508-f3c2-46fb-b28b-519d63362009'
13:44:22.305 [AsyncHttpClient-1-4] DEBUG org.asynchttpclient.netty.handler.WebSocketHandler - 

Request DefaultFullHttpRequest(decodeResult: success, version: HTTP/1.1, content: EmptyByteBufBE)
GET /devtools/browser/efe19508-f3c2-46fb-b28b-519d63362009 HTTP/1.1
upgrade: websocket
connection: upgrade
sec-websocket-key: OgpTjnJm7nIyaMdK+3BZJw==
sec-websocket-version: 13
origin: http://localhost:64369
host: localhost:64369
accept: */*
user-agent: AHC/2.1

Response DefaultHttpResponse(decodeResult: success, version: HTTP/1.1)
HTTP/1.1 101 WebSocket Protocol Handshake
Upgrade: WebSocket
Connection: Upgrade
Sec-WebSocket-Accept: KLfoE6MDSalWMKF7A79vvssb3qg=

13:44:22.956 [main] DEBUG net.thucydides.core.reflection.ClassFinder - Could not load class .starter.CucumberTestSuite
13:44:22.957 [main] DEBUG net.thucydides.core.reflection.ClassFinder - Could not load class .starter.definitions.login
13:44:22.957 [main] DEBUG net.thucydides.core.reflection.ClassFinder - Could not load class .starter.definitions.pasienlama
13:44:22.957 [main] DEBUG net.thucydides.core.reflection.ClassFinder - Could not load class .starter.definitions.pendaftaranbaru
13:44:22.957 [main] DEBUG net.thucydides.core.reflection.ClassFinder - Could not load class .starter.pages.homepages
13:44:22.957 [main] DEBUG net.thucydides.core.reflection.ClassFinder - Could not load class .starter.pages.loginpages
13:44:22.957 [main] DEBUG net.thucydides.core.reflection.ClassFinder - Could not load class .starter.pages.pasienlamapage
13:44:22.957 [main] DEBUG net.thucydides.core.reflection.ClassFinder - Could not load class .starter.pages.pendaftaranbarupage
13:44:22.975 [Forwarding get on session 09d6cbfc1090c469d64b69d80468291c to remote] DEBUG org.asynchttpclient.netty.request.NettyRequestSender - Using pooled Channel '[id: 0x360e96da, L:/127.0.0.1:64368 - R:localhost/127.0.0.1:52412]' for 'POST' to 'http://localhost:52412/session/09d6cbfc1090c469d64b69d80468291c/url'
13:44:22.975 [Forwarding get on session 09d6cbfc1090c469d64b69d80468291c to remote] DEBUG org.asynchttpclient.netty.request.NettyRequestSender - Using open Channel [id: 0x360e96da, L:/127.0.0.1:64368 - R:localhost/127.0.0.1:52412] for POST '/session/09d6cbfc1090c469d64b69d80468291c/url'
13:44:23.237 [AsyncHttpClient-1-1] DEBUG org.asynchttpclient.netty.channel.DefaultChannelPool - Entry count for : http://localhost:64369 : 1
13:44:24.329 [AsyncHttpClient-1-1] DEBUG org.asynchttpclient.netty.channel.DefaultChannelPool - Entry count for : http://localhost:64369 : 1
13:44:25.432 [AsyncHttpClient-1-1] DEBUG org.asynchttpclient.netty.channel.DefaultChannelPool - Entry count for : http://localhost:64369 : 1
13:44:26.543 [AsyncHttpClient-1-1] DEBUG org.asynchttpclient.netty.channel.DefaultChannelPool - Entry count for : http://localhost:64369 : 1
13:44:27.645 [AsyncHttpClient-1-1] DEBUG org.asynchttpclient.netty.channel.DefaultChannelPool - Entry count for : http://localhost:64369 : 1
13:44:27.825 [AsyncHttpClient-1-2] DEBUG org.asynchttpclient.netty.handler.HttpHandler - 

Request DefaultHttpRequest(decodeResult: success, version: HTTP/1.1)
POST /session/09d6cbfc1090c469d64b69d80468291c/url HTTP/1.1
User-Agent: selenium/4.1.2 (java windows)
Content-Length: 92
Content-Type: application/json; charset=utf-8
host: localhost:52412
accept: */*

Response DefaultHttpResponse(decodeResult: success, version: HTTP/1.1)
HTTP/1.1 200 OK
Content-Type: application/json; charset=utf-8
cache-control: no-cache
content-length: 14

13:44:27.826 [AsyncHttpClient-1-2] DEBUG org.asynchttpclient.netty.channel.ChannelManager - Adding key: http://localhost:52412 for channel [id: 0x360e96da, L:/127.0.0.1:64368 - R:localhost/127.0.0.1:52412]
13:44:27.838 [Forwarding setTimeout on session 09d6cbfc1090c469d64b69d80468291c to remote] DEBUG org.asynchttpclient.netty.request.NettyRequestSender - Using pooled Channel '[id: 0x360e96da, L:/127.0.0.1:64368 - R:localhost/127.0.0.1:52412]' for 'POST' to 'http://localhost:52412/session/09d6cbfc1090c469d64b69d80468291c/timeouts'
13:44:27.839 [Forwarding setTimeout on session 09d6cbfc1090c469d64b69d80468291c to remote] DEBUG org.asynchttpclient.netty.request.NettyRequestSender - Using open Channel [id: 0x360e96da, L:/127.0.0.1:64368 - R:localhost/127.0.0.1:52412] for POST '/session/09d6cbfc1090c469d64b69d80468291c/timeouts'
13:44:27.848 [AsyncHttpClient-1-2] DEBUG org.asynchttpclient.netty.handler.HttpHandler - 

Request DefaultHttpRequest(decodeResult: success, version: HTTP/1.1)
POST /session/09d6cbfc1090c469d64b69d80468291c/timeouts HTTP/1.1
User-Agent: selenium/4.1.2 (java windows)
Content-Length: 22
Content-Type: application/json; charset=utf-8
host: localhost:52412
accept: */*

Response DefaultHttpResponse(decodeResult: success, version: HTTP/1.1)
HTTP/1.1 200 OK
Content-Type: application/json; charset=utf-8
cache-control: no-cache
content-length: 14

13:44:27.849 [AsyncHttpClient-1-2] DEBUG org.asynchttpclient.netty.channel.ChannelManager - Adding key: http://localhost:52412 for channel [id: 0x360e96da, L:/127.0.0.1:64368 - R:localhost/127.0.0.1:52412]
13:44:27.868 [Forwarding getCurrentUrl on session 09d6cbfc1090c469d64b69d80468291c to remote] DEBUG org.asynchttpclient.netty.request.NettyRequestSender - Using pooled Channel '[id: 0x360e96da, L:/127.0.0.1:64368 - R:localhost/127.0.0.1:52412]' for 'GET' to 'http://localhost:52412/session/09d6cbfc1090c469d64b69d80468291c/url'
13:44:27.868 [Forwarding getCurrentUrl on session 09d6cbfc1090c469d64b69d80468291c to remote] DEBUG org.asynchttpclient.netty.request.NettyRequestSender - Using open Channel [id: 0x360e96da, L:/127.0.0.1:64368 - R:localhost/127.0.0.1:52412] for GET '/session/09d6cbfc1090c469d64b69d80468291c/url'
13:44:27.898 [AsyncHttpClient-1-2] DEBUG org.asynchttpclient.netty.handler.HttpHandler - 

Request DefaultFullHttpRequest(decodeResult: success, version: HTTP/1.1, content: EmptyByteBufBE)
GET /session/09d6cbfc1090c469d64b69d80468291c/url HTTP/1.1
User-Agent: selenium/4.1.2 (java windows)
Cache-Control: no-cache
Content-Type: application/json; charset=utf-8
host: localhost:52412
accept: */*

Response DefaultHttpResponse(decodeResult: success, version: HTTP/1.1)
HTTP/1.1 200 OK
Content-Type: application/json; charset=utf-8
cache-control: no-cache
content-length: 74

13:44:27.898 [AsyncHttpClient-1-2] DEBUG org.asynchttpclient.netty.channel.ChannelManager - Adding key: http://localhost:52412 for channel [id: 0x360e96da, L:/127.0.0.1:64368 - R:localhost/127.0.0.1:52412]
13:44:27.939 [Forwarding getCurrentUrl on session 09d6cbfc1090c469d64b69d80468291c to remote] DEBUG org.asynchttpclient.netty.request.NettyRequestSender - Using pooled Channel '[id: 0x360e96da, L:/127.0.0.1:64368 - R:localhost/127.0.0.1:52412]' for 'GET' to 'http://localhost:52412/session/09d6cbfc1090c469d64b69d80468291c/url'
13:44:27.940 [Forwarding getCurrentUrl on session 09d6cbfc1090c469d64b69d80468291c to remote] DEBUG org.asynchttpclient.netty.request.NettyRequestSender - Using open Channel [id: 0x360e96da, L:/127.0.0.1:64368 - R:localhost/127.0.0.1:52412] for GET '/session/09d6cbfc1090c469d64b69d80468291c/url'
13:44:27.957 [AsyncHttpClient-1-2] DEBUG org.asynchttpclient.netty.handler.HttpHandler - 

Request DefaultFullHttpRequest(decodeResult: success, version: HTTP/1.1, content: EmptyByteBufBE)
GET /session/09d6cbfc1090c469d64b69d80468291c/url HTTP/1.1
User-Agent: selenium/4.1.2 (java windows)
Cache-Control: no-cache
Content-Type: application/json; charset=utf-8
host: localhost:52412
accept: */*

Response DefaultHttpResponse(decodeResult: success, version: HTTP/1.1)
HTTP/1.1 200 OK
Content-Type: application/json; charset=utf-8
cache-control: no-cache
content-length: 74

13:44:27.959 [AsyncHttpClient-1-2] DEBUG org.asynchttpclient.netty.channel.ChannelManager - Adding key: http://localhost:52412 for channel [id: 0x360e96da, L:/127.0.0.1:64368 - R:localhost/127.0.0.1:52412]
13:44:28.031 [main] DEBUG net.serenitybdd.core.photography.Darkroom - Opening darkroom
13:44:28.032 [Darkroom Processing Line] DEBUG net.serenitybdd.core.photography.DarkroomProcessingLine - Darkroom processing line starting up
13:44:28.041 [Forwarding screenshot on session 09d6cbfc1090c469d64b69d80468291c to remote] DEBUG org.asynchttpclient.netty.request.NettyRequestSender - Using pooled Channel '[id: 0x360e96da, L:/127.0.0.1:64368 - R:localhost/127.0.0.1:52412]' for 'GET' to 'http://localhost:52412/session/09d6cbfc1090c469d64b69d80468291c/screenshot'
13:44:28.041 [Forwarding screenshot on session 09d6cbfc1090c469d64b69d80468291c to remote] DEBUG org.asynchttpclient.netty.request.NettyRequestSender - Using open Channel [id: 0x360e96da, L:/127.0.0.1:64368 - R:localhost/127.0.0.1:52412] for GET '/session/09d6cbfc1090c469d64b69d80468291c/screenshot'
13:44:28.244 [AsyncHttpClient-1-2] DEBUG org.asynchttpclient.netty.handler.HttpHandler - 

Request DefaultFullHttpRequest(decodeResult: success, version: HTTP/1.1, content: EmptyByteBufBE)
GET /session/09d6cbfc1090c469d64b69d80468291c/screenshot HTTP/1.1
User-Agent: selenium/4.1.2 (java windows)
Cache-Control: no-cache
Content-Type: application/json; charset=utf-8
host: localhost:52412
accept: */*

Response DefaultHttpResponse(decodeResult: success, version: HTTP/1.1)
HTTP/1.1 200 OK
Content-Type: application/json; charset=utf-8
cache-control: no-cache
content-length: 109728

13:44:28.249 [AsyncHttpClient-1-2] DEBUG org.asynchttpclient.netty.channel.ChannelManager - Adding key: http://localhost:52412 for channel [id: 0x360e96da, L:/127.0.0.1:64368 - R:localhost/127.0.0.1:52412]
13:44:28.676 [main] DEBUG net.serenitybdd.core.photography.Darkroom - Send negative for processing for target\site\serenity\326760b024a2bafe5199b4136c4d7275acb72afc7df37f280ab5f6ac1dcc7641.png
13:44:28.676 [Darkroom Processing Line] DEBUG net.serenitybdd.core.photography.DarkroomProcessingLine - Processing screenshot image in /var/screenshots/screenshot-370358317851512494
13:44:28.677 [Darkroom Processing Line] DEBUG net.serenitybdd.core.photography.DarkroomProcessingLine - Saving screenshot to target\site\serenity\326760b024a2bafe5199b4136c4d7275acb72afc7df37f280ab5f6ac1dcc7641.png
13:44:28.689 [main] DEBUG net.thucydides.core.steps.StepInterceptor - STEP DONE: openPage
13:44:28.712 [main] DEBUG net.thucydides.core.steps.StepInterceptor - STARTING STEP: login.ontheLoginPage - validateonLoginPage
13:44:28.725 [Forwarding findElement on session 09d6cbfc1090c469d64b69d80468291c to remote] DEBUG org.asynchttpclient.netty.request.NettyRequestSender - Using pooled Channel '[id: 0x360e96da, L:/127.0.0.1:64368 - R:localhost/127.0.0.1:52412]' for 'POST' to 'http://localhost:52412/session/09d6cbfc1090c469d64b69d80468291c/element'
13:44:28.725 [Forwarding findElement on session 09d6cbfc1090c469d64b69d80468291c to remote] DEBUG org.asynchttpclient.netty.request.NettyRequestSender - Using open Channel [id: 0x360e96da, L:/127.0.0.1:64368 - R:localhost/127.0.0.1:52412] for POST '/session/09d6cbfc1090c469d64b69d80468291c/element'
13:44:28.732 [AsyncHttpClient-1-1] DEBUG org.asynchttpclient.netty.channel.DefaultChannelPool - Entry count for : http://localhost:64369 : 1
13:44:28.766 [AsyncHttpClient-1-2] DEBUG org.asynchttpclient.netty.handler.HttpHandler - 

Request DefaultHttpRequest(decodeResult: success, version: HTTP/1.1)
POST /session/09d6cbfc1090c469d64b69d80468291c/element HTTP/1.1
User-Agent: selenium/4.1.2 (java windows)
Content-Length: 101
Content-Type: application/json; charset=utf-8
host: localhost:52412
accept: */*

Response DefaultHttpResponse(decodeResult: success, version: HTTP/1.1)
HTTP/1.1 200 OK
Content-Type: application/json; charset=utf-8
cache-control: no-cache
content-length: 88

13:44:28.767 [AsyncHttpClient-1-2] DEBUG org.asynchttpclient.netty.channel.ChannelManager - Adding key: http://localhost:52412 for channel [id: 0x360e96da, L:/127.0.0.1:64368 - R:localhost/127.0.0.1:52412]
13:44:28.833 [Forwarding isElementDisplayed on session 09d6cbfc1090c469d64b69d80468291c to remote] DEBUG org.asynchttpclient.netty.request.NettyRequestSender - Using pooled Channel '[id: 0x360e96da, L:/127.0.0.1:64368 - R:localhost/127.0.0.1:52412]' for 'POST' to 'http://localhost:52412/session/09d6cbfc1090c469d64b69d80468291c/execute/sync'
13:44:28.833 [Forwarding isElementDisplayed on session 09d6cbfc1090c469d64b69d80468291c to remote] DEBUG org.asynchttpclient.netty.request.NettyRequestSender - Using open Channel [id: 0x360e96da, L:/127.0.0.1:64368 - R:localhost/127.0.0.1:52412] for POST '/session/09d6cbfc1090c469d64b69d80468291c/execute/sync'
13:44:28.892 [AsyncHttpClient-1-2] DEBUG org.asynchttpclient.netty.handler.HttpHandler - 

Request DefaultHttpRequest(decodeResult: success, version: HTTP/1.1)
POST /session/09d6cbfc1090c469d64b69d80468291c/execute/sync HTTP/1.1
User-Agent: selenium/4.1.2 (java windows)
Content-Length: 48780
Content-Type: application/json; charset=utf-8
host: localhost:52412
accept: */*

Response DefaultHttpResponse(decodeResult: success, version: HTTP/1.1)
HTTP/1.1 200 OK
Content-Type: application/json; charset=utf-8
cache-control: no-cache
content-length: 14

13:44:28.893 [AsyncHttpClient-1-2] DEBUG org.asynchttpclient.netty.channel.ChannelManager - Adding key: http://localhost:52412 for channel [id: 0x360e96da, L:/127.0.0.1:64368 - R:localhost/127.0.0.1:52412]
13:44:28.911 [Forwarding screenshot on session 09d6cbfc1090c469d64b69d80468291c to remote] DEBUG org.asynchttpclient.netty.request.NettyRequestSender - Using pooled Channel '[id: 0x360e96da, L:/127.0.0.1:64368 - R:localhost/127.0.0.1:52412]' for 'GET' to 'http://localhost:52412/session/09d6cbfc1090c469d64b69d80468291c/screenshot'
13:44:28.911 [Forwarding screenshot on session 09d6cbfc1090c469d64b69d80468291c to remote] DEBUG org.asynchttpclient.netty.request.NettyRequestSender - Using open Channel [id: 0x360e96da, L:/127.0.0.1:64368 - R:localhost/127.0.0.1:52412] for GET '/session/09d6cbfc1090c469d64b69d80468291c/screenshot'
13:44:29.112 [AsyncHttpClient-1-2] DEBUG org.asynchttpclient.netty.handler.HttpHandler - 

Request DefaultFullHttpRequest(decodeResult: success, version: HTTP/1.1, content: EmptyByteBufBE)
GET /session/09d6cbfc1090c469d64b69d80468291c/screenshot HTTP/1.1
User-Agent: selenium/4.1.2 (java windows)
Cache-Control: no-cache
Content-Type: application/json; charset=utf-8
host: localhost:52412
accept: */*

Response DefaultHttpResponse(decodeResult: success, version: HTTP/1.1)
HTTP/1.1 200 OK
Content-Type: application/json; charset=utf-8
cache-control: no-cache
content-length: 109728

13:44:29.115 [AsyncHttpClient-1-2] DEBUG org.asynchttpclient.netty.channel.ChannelManager - Adding key: http://localhost:52412 for channel [id: 0x360e96da, L:/127.0.0.1:64368 - R:localhost/127.0.0.1:52412]
13:44:29.130 [main] DEBUG net.serenitybdd.core.photography.Darkroom - Send negative for processing for target\site\serenity\326760b024a2bafe5199b4136c4d7275acb72afc7df37f280ab5f6ac1dcc7641.png
13:44:29.131 [main] DEBUG net.thucydides.core.steps.StepInterceptor - STEP DONE: validateonLoginPage
  &amp#27;[32mGiven &amp#27;[0m&amp#27;[32madmin on login page&amp#27;[0m                        &amp#27;[90m# starter.definitions.login.ontheLoginPage()&amp#27;[0m
13:44:29.204 [Forwarding screenshot on session 09d6cbfc1090c469d64b69d80468291c to remote] DEBUG org.asynchttpclient.netty.request.NettyRequestSender - Using pooled Channel '[id: 0x360e96da, L:/127.0.0.1:64368 - R:localhost/127.0.0.1:52412]' for 'GET' to 'http://localhost:52412/session/09d6cbfc1090c469d64b69d80468291c/screenshot'
13:44:29.205 [Forwarding screenshot on session 09d6cbfc1090c469d64b69d80468291c to remote] DEBUG org.asynchttpclient.netty.request.NettyRequestSender - Using open Channel [id: 0x360e96da, L:/127.0.0.1:64368 - R:localhost/127.0.0.1:52412] for GET '/session/09d6cbfc1090c469d64b69d80468291c/screenshot'
13:44:29.433 [AsyncHttpClient-1-2] DEBUG org.asynchttpclient.netty.handler.HttpHandler - 

Request DefaultFullHttpRequest(decodeResult: success, version: HTTP/1.1, content: EmptyByteBufBE)
GET /session/09d6cbfc1090c469d64b69d80468291c/screenshot HTTP/1.1
User-Agent: selenium/4.1.2 (java windows)
Cache-Control: no-cache
Content-Type: application/json; charset=utf-8
host: localhost:52412
accept: */*

Response DefaultHttpResponse(decodeResult: success, version: HTTP/1.1)
HTTP/1.1 200 OK
Content-Type: application/json; charset=utf-8
cache-control: no-cache
content-length: 109728

13:44:29.438 [AsyncHttpClient-1-2] DEBUG org.asynchttpclient.netty.channel.ChannelManager - Adding key: http://localhost:52412 for channel [id: 0x360e96da, L:/127.0.0.1:64368 - R:localhost/127.0.0.1:52412]
13:44:29.453 [main] DEBUG net.serenitybdd.core.photography.Darkroom - Send negative for processing for target\site\serenity\326760b024a2bafe5199b4136c4d7275acb72afc7df37f280ab5f6ac1dcc7641.png
13:44:29.522 [Forwarding screenshot on session 09d6cbfc1090c469d64b69d80468291c to remote] DEBUG org.asynchttpclient.netty.request.NettyRequestSender - Using pooled Channel '[id: 0x360e96da, L:/127.0.0.1:64368 - R:localhost/127.0.0.1:52412]' for 'GET' to 'http://localhost:52412/session/09d6cbfc1090c469d64b69d80468291c/screenshot'
13:44:29.523 [Forwarding screenshot on session 09d6cbfc1090c469d64b69d80468291c to remote] DEBUG org.asynchttpclient.netty.request.NettyRequestSender - Using open Channel [id: 0x360e96da, L:/127.0.0.1:64368 - R:localhost/127.0.0.1:52412] for GET '/session/09d6cbfc1090c469d64b69d80468291c/screenshot'
13:44:29.862 [AsyncHttpClient-1-1] DEBUG org.asynchttpclient.netty.channel.DefaultChannelPool - Entry count for : http://localhost:64369 : 1
13:44:29.895 [AsyncHttpClient-1-2] DEBUG org.asynchttpclient.netty.handler.HttpHandler - 

Request DefaultFullHttpRequest(decodeResult: success, version: HTTP/1.1, content: EmptyByteBufBE)
GET /session/09d6cbfc1090c469d64b69d80468291c/screenshot HTTP/1.1
User-Agent: selenium/4.1.2 (java windows)
Cache-Control: no-cache
Content-Type: application/json; charset=utf-8
host: localhost:52412
accept: */*

Response DefaultHttpResponse(decodeResult: success, version: HTTP/1.1)
HTTP/1.1 200 OK
Content-Type: application/json; charset=utf-8
cache-control: no-cache
content-length: 109728

13:44:29.898 [AsyncHttpClient-1-2] DEBUG org.asynchttpclient.netty.channel.ChannelManager - Adding key: http://localhost:52412 for channel [id: 0x360e96da, L:/127.0.0.1:64368 - R:localhost/127.0.0.1:52412]
13:44:29.909 [main] DEBUG net.serenitybdd.core.photography.Darkroom - Send negative for processing for target\site\serenity\326760b024a2bafe5199b4136c4d7275acb72afc7df37f280ab5f6ac1dcc7641.png
13:44:29.911 [main] DEBUG net.thucydides.core.steps.StepInterceptor - STARTING STEP: login.ValidID - inputID
13:44:29.922 [Forwarding findElement on session 09d6cbfc1090c469d64b69d80468291c to remote] DEBUG org.asynchttpclient.netty.request.NettyRequestSender - Using pooled Channel '[id: 0x360e96da, L:/127.0.0.1:64368 - R:localhost/127.0.0.1:52412]' for 'POST' to 'http://localhost:52412/session/09d6cbfc1090c469d64b69d80468291c/element'
13:44:29.923 [Forwarding findElement on session 09d6cbfc1090c469d64b69d80468291c to remote] DEBUG org.asynchttpclient.netty.request.NettyRequestSender - Using open Channel [id: 0x360e96da, L:/127.0.0.1:64368 - R:localhost/127.0.0.1:52412] for POST '/session/09d6cbfc1090c469d64b69d80468291c/element'
13:44:29.963 [AsyncHttpClient-1-2] DEBUG org.asynchttpclient.netty.handler.HttpHandler - 

Request DefaultHttpRequest(decodeResult: success, version: HTTP/1.1)
POST /session/09d6cbfc1090c469d64b69d80468291c/element HTTP/1.1
User-Agent: selenium/4.1.2 (java windows)
Content-Length: 47
Content-Type: application/json; charset=utf-8
host: localhost:52412
accept: */*

Response DefaultHttpResponse(decodeResult: success, version: HTTP/1.1)
HTTP/1.1 200 OK
Content-Type: application/json; charset=utf-8
cache-control: no-cache
content-length: 88

13:44:29.964 [AsyncHttpClient-1-2] DEBUG org.asynchttpclient.netty.channel.ChannelManager - Adding key: http://localhost:52412 for channel [id: 0x360e96da, L:/127.0.0.1:64368 - R:localhost/127.0.0.1:52412]
13:44:29.972 [Forwarding clearElement on session 09d6cbfc1090c469d64b69d80468291c to remote] DEBUG org.asynchttpclient.netty.request.NettyRequestSender - Using pooled Channel '[id: 0x360e96da, L:/127.0.0.1:64368 - R:localhost/127.0.0.1:52412]' for 'POST' to 'http://localhost:52412/session/09d6cbfc1090c469d64b69d80468291c/element/ba833b3a-4eaf-4ec2-8a7b-6adc204134e4/clear'
13:44:29.972 [Forwarding clearElement on session 09d6cbfc1090c469d64b69d80468291c to remote] DEBUG org.asynchttpclient.netty.request.NettyRequestSender - Using open Channel [id: 0x360e96da, L:/127.0.0.1:64368 - R:localhost/127.0.0.1:52412] for POST '/session/09d6cbfc1090c469d64b69d80468291c/element/ba833b3a-4eaf-4ec2-8a7b-6adc204134e4/clear'
13:44:30.111 [AsyncHttpClient-1-2] DEBUG org.asynchttpclient.netty.handler.HttpHandler - 

Request DefaultHttpRequest(decodeResult: success, version: HTTP/1.1)
POST /session/09d6cbfc1090c469d64b69d80468291c/element/ba833b3a-4eaf-4ec2-8a7b-6adc204134e4/clear HTTP/1.1
User-Agent: selenium/4.1.2 (java windows)
Content-Length: 50
Content-Type: application/json; charset=utf-8
host: localhost:52412
accept: */*

Response DefaultHttpResponse(decodeResult: success, version: HTTP/1.1)
HTTP/1.1 200 OK
Content-Type: application/json; charset=utf-8
cache-control: no-cache
content-length: 14

13:44:30.111 [AsyncHttpClient-1-2] DEBUG org.asynchttpclient.netty.channel.ChannelManager - Adding key: http://localhost:52412 for channel [id: 0x360e96da, L:/127.0.0.1:64368 - R:localhost/127.0.0.1:52412]
13:44:30.125 [Forwarding sendKeysToElement on session 09d6cbfc1090c469d64b69d80468291c to remote] DEBUG org.asynchttpclient.netty.request.NettyRequestSender - Using pooled Channel '[id: 0x360e96da, L:/127.0.0.1:64368 - R:localhost/127.0.0.1:52412]' for 'POST' to 'http://localhost:52412/session/09d6cbfc1090c469d64b69d80468291c/element/ba833b3a-4eaf-4ec2-8a7b-6adc204134e4/value'
13:44:30.125 [Forwarding sendKeysToElement on session 09d6cbfc1090c469d64b69d80468291c to remote] DEBUG org.asynchttpclient.netty.request.NettyRequestSender - Using open Channel [id: 0x360e96da, L:/127.0.0.1:64368 - R:localhost/127.0.0.1:52412] for POST '/session/09d6cbfc1090c469d64b69d80468291c/element/ba833b3a-4eaf-4ec2-8a7b-6adc204134e4/value'
13:44:30.477 [AsyncHttpClient-1-2] DEBUG org.asynchttpclient.netty.handler.HttpHandler - 

Request DefaultHttpRequest(decodeResult: success, version: HTTP/1.1)
POST /session/09d6cbfc1090c469d64b69d80468291c/element/ba833b3a-4eaf-4ec2-8a7b-6adc204134e4/value HTTP/1.1
User-Agent: selenium/4.1.2 (java windows)
Content-Length: 151
Content-Type: application/json; charset=utf-8
host: localhost:52412
accept: */*

Response DefaultHttpResponse(decodeResult: success, version: HTTP/1.1)
HTTP/1.1 200 OK
Content-Type: application/json; charset=utf-8
cache-control: no-cache
content-length: 14

13:44:30.478 [AsyncHttpClient-1-2] DEBUG org.asynchttpclient.netty.channel.ChannelManager - Adding key: http://localhost:52412 for channel [id: 0x360e96da, L:/127.0.0.1:64368 - R:localhost/127.0.0.1:52412]
13:44:30.502 [Forwarding screenshot on session 09d6cbfc1090c469d64b69d80468291c to remote] DEBUG org.asynchttpclient.netty.request.NettyRequestSender - Using pooled Channel '[id: 0x360e96da, L:/127.0.0.1:64368 - R:localhost/127.0.0.1:52412]' for 'GET' to 'http://localhost:52412/session/09d6cbfc1090c469d64b69d80468291c/screenshot'
13:44:30.503 [Forwarding screenshot on session 09d6cbfc1090c469d64b69d80468291c to remote] DEBUG org.asynchttpclient.netty.request.NettyRequestSender - Using open Channel [id: 0x360e96da, L:/127.0.0.1:64368 - R:localhost/127.0.0.1:52412] for GET '/session/09d6cbfc1090c469d64b69d80468291c/screenshot'
13:44:30.738 [AsyncHttpClient-1-2] DEBUG org.asynchttpclient.netty.handler.HttpHandler - 

Request DefaultFullHttpRequest(decodeResult: success, version: HTTP/1.1, content: EmptyByteBufBE)
GET /session/09d6cbfc1090c469d64b69d80468291c/screenshot HTTP/1.1
User-Agent: selenium/4.1.2 (java windows)
Cache-Control: no-cache
Content-Type: application/json; charset=utf-8
host: localhost:52412
accept: */*

Response DefaultHttpResponse(decodeResult: success, version: HTTP/1.1)
HTTP/1.1 200 OK
Content-Type: application/json; charset=utf-8
cache-control: no-cache
content-length: 108888

13:44:30.743 [AsyncHttpClient-1-2] DEBUG org.asynchttpclient.netty.channel.ChannelManager - Adding key: http://localhost:52412 for channel [id: 0x360e96da, L:/127.0.0.1:64368 - R:localhost/127.0.0.1:52412]
13:44:30.755 [main] DEBUG net.serenitybdd.core.photography.Darkroom - Send negative for processing for target\site\serenity\ac7634d7ca6454f33acf533e6b1ab917867792654c61cca383f5077c50df77e5.png
13:44:30.756 [main] DEBUG net.thucydides.core.steps.StepInterceptor - STEP DONE: inputID
13:44:30.757 [Darkroom Processing Line] DEBUG net.serenitybdd.core.photography.DarkroomProcessingLine - Processing screenshot image in /var/screenshots/screenshot-8862235730297951693
  &amp#27;[32mWhen &amp#27;[0m&amp#27;[32madmin input valid id&amp#27;[0m                        &amp#27;[90m# starter.definitions.login.ValidID()&amp#27;[0m
13:44:30.757 [Darkroom Processing Line] DEBUG net.serenitybdd.core.photography.DarkroomProcessingLine - Saving screenshot to target\site\serenity\ac7634d7ca6454f33acf533e6b1ab917867792654c61cca383f5077c50df77e5.png
13:44:30.807 [main] DEBUG net.thucydides.core.steps.StepInterceptor - STARTING STEP: login.ValidPassword - inputPassword
13:44:30.823 [Forwarding findElement on session 09d6cbfc1090c469d64b69d80468291c to remote] DEBUG org.asynchttpclient.netty.request.NettyRequestSender - Using pooled Channel '[id: 0x360e96da, L:/127.0.0.1:64368 - R:localhost/127.0.0.1:52412]' for 'POST' to 'http://localhost:52412/session/09d6cbfc1090c469d64b69d80468291c/element'
13:44:30.824 [Forwarding findElement on session 09d6cbfc1090c469d64b69d80468291c to remote] DEBUG org.asynchttpclient.netty.request.NettyRequestSender - Using open Channel [id: 0x360e96da, L:/127.0.0.1:64368 - R:localhost/127.0.0.1:52412] for POST '/session/09d6cbfc1090c469d64b69d80468291c/element'
13:44:30.872 [AsyncHttpClient-1-2] DEBUG org.asynchttpclient.netty.handler.HttpHandler - 

Request DefaultHttpRequest(decodeResult: success, version: HTTP/1.1)
POST /session/09d6cbfc1090c469d64b69d80468291c/element HTTP/1.1
User-Agent: selenium/4.1.2 (java windows)
Content-Length: 53
Content-Type: application/json; charset=utf-8
host: localhost:52412
accept: */*

Response DefaultHttpResponse(decodeResult: success, version: HTTP/1.1)
HTTP/1.1 200 OK
Content-Type: application/json; charset=utf-8
cache-control: no-cache
content-length: 88

13:44:30.872 [AsyncHttpClient-1-2] DEBUG org.asynchttpclient.netty.channel.ChannelManager - Adding key: http://localhost:52412 for channel [id: 0x360e96da, L:/127.0.0.1:64368 - R:localhost/127.0.0.1:52412]
13:44:30.877 [Forwarding clearElement on session 09d6cbfc1090c469d64b69d80468291c to remote] DEBUG org.asynchttpclient.netty.request.NettyRequestSender - Using pooled Channel '[id: 0x360e96da, L:/127.0.0.1:64368 - R:localhost/127.0.0.1:52412]' for 'POST' to 'http://localhost:52412/session/09d6cbfc1090c469d64b69d80468291c/element/479b532c-dbe2-40e4-a14f-d2d05a62d883/clear'
13:44:30.878 [Forwarding clearElement on session 09d6cbfc1090c469d64b69d80468291c to remote] DEBUG org.asynchttpclient.netty.request.NettyRequestSender - Using open Channel [id: 0x360e96da, L:/127.0.0.1:64368 - R:localhost/127.0.0.1:52412] for POST '/session/09d6cbfc1090c469d64b69d80468291c/element/479b532c-dbe2-40e4-a14f-d2d05a62d883/clear'
13:44:30.938 [AsyncHttpClient-1-1] DEBUG org.asynchttpclient.netty.channel.DefaultChannelPool - Entry count for : http://localhost:64369 : 1
13:44:31.004 [AsyncHttpClient-1-2] DEBUG org.asynchttpclient.netty.handler.HttpHandler - 

Request DefaultHttpRequest(decodeResult: success, version: HTTP/1.1)
POST /session/09d6cbfc1090c469d64b69d80468291c/element/479b532c-dbe2-40e4-a14f-d2d05a62d883/clear HTTP/1.1
User-Agent: selenium/4.1.2 (java windows)
Content-Length: 50
Content-Type: application/json; charset=utf-8
host: localhost:52412
accept: */*

Response DefaultHttpResponse(decodeResult: success, version: HTTP/1.1)
HTTP/1.1 200 OK
Content-Type: application/json; charset=utf-8
cache-control: no-cache
content-length: 14

13:44:31.007 [AsyncHttpClient-1-2] DEBUG org.asynchttpclient.netty.channel.ChannelManager - Adding key: http://localhost:52412 for channel [id: 0x360e96da, L:/127.0.0.1:64368 - R:localhost/127.0.0.1:52412]
13:44:31.014 [Forwarding sendKeysToElement on session 09d6cbfc1090c469d64b69d80468291c to remote] DEBUG org.asynchttpclient.netty.request.NettyRequestSender - Using pooled Channel '[id: 0x360e96da, L:/127.0.0.1:64368 - R:localhost/127.0.0.1:52412]' for 'POST' to 'http://localhost:52412/session/09d6cbfc1090c469d64b69d80468291c/element/479b532c-dbe2-40e4-a14f-d2d05a62d883/value'
13:44:31.015 [Forwarding sendKeysToElement on session 09d6cbfc1090c469d64b69d80468291c to remote] DEBUG org.asynchttpclient.netty.request.NettyRequestSender - Using open Channel [id: 0x360e96da, L:/127.0.0.1:64368 - R:localhost/127.0.0.1:52412] for POST '/session/09d6cbfc1090c469d64b69d80468291c/element/479b532c-dbe2-40e4-a14f-d2d05a62d883/value'
13:44:31.163 [AsyncHttpClient-1-2] DEBUG org.asynchttpclient.netty.handler.HttpHandler - 

Request DefaultHttpRequest(decodeResult: success, version: HTTP/1.1)
POST /session/09d6cbfc1090c469d64b69d80468291c/element/479b532c-dbe2-40e4-a14f-d2d05a62d883/value HTTP/1.1
User-Agent: selenium/4.1.2 (java windows)
Content-Length: 121
Content-Type: application/json; charset=utf-8
host: localhost:52412
accept: */*

Response DefaultHttpResponse(decodeResult: success, version: HTTP/1.1)
HTTP/1.1 200 OK
Content-Type: application/json; charset=utf-8
cache-control: no-cache
content-length: 14

13:44:31.164 [AsyncHttpClient-1-2] DEBUG org.asynchttpclient.netty.channel.ChannelManager - Adding key: http://localhost:52412 for channel [id: 0x360e96da, L:/127.0.0.1:64368 - R:localhost/127.0.0.1:52412]
13:44:31.191 [Forwarding screenshot on session 09d6cbfc1090c469d64b69d80468291c to remote] DEBUG org.asynchttpclient.netty.request.NettyRequestSender - Using pooled Channel '[id: 0x360e96da, L:/127.0.0.1:64368 - R:localhost/127.0.0.1:52412]' for 'GET' to 'http://localhost:52412/session/09d6cbfc1090c469d64b69d80468291c/screenshot'
13:44:31.191 [Forwarding screenshot on session 09d6cbfc1090c469d64b69d80468291c to remote] DEBUG org.asynchttpclient.netty.request.NettyRequestSender - Using open Channel [id: 0x360e96da, L:/127.0.0.1:64368 - R:localhost/127.0.0.1:52412] for GET '/session/09d6cbfc1090c469d64b69d80468291c/screenshot'
13:44:31.408 [AsyncHttpClient-1-2] DEBUG org.asynchttpclient.netty.handler.HttpHandler - 

Request DefaultFullHttpRequest(decodeResult: success, version: HTTP/1.1, content: EmptyByteBufBE)
GET /session/09d6cbfc1090c469d64b69d80468291c/screenshot HTTP/1.1
User-Agent: selenium/4.1.2 (java windows)
Cache-Control: no-cache
Content-Type: application/json; charset=utf-8
host: localhost:52412
accept: */*

Response DefaultHttpResponse(decodeResult: success, version: HTTP/1.1)
HTTP/1.1 200 OK
Content-Type: application/json; charset=utf-8
cache-control: no-cache
content-length: 107136

13:44:31.412 [AsyncHttpClient-1-2] DEBUG org.asynchttpclient.netty.channel.ChannelManager - Adding key: http://localhost:52412 for channel [id: 0x360e96da, L:/127.0.0.1:64368 - R:localhost/127.0.0.1:52412]
13:44:31.425 [main] DEBUG net.serenitybdd.core.photography.Darkroom - Send negative for processing for target\site\serenity\8d446c943ec2e8f86798318890d0ab74200fede865e380d903ff1e4fce409271.png
13:44:31.426 [main] DEBUG net.thucydides.core.steps.StepInterceptor - STEP DONE: inputPassword
13:44:31.426 [Darkroom Processing Line] DEBUG net.serenitybdd.core.photography.DarkroomProcessingLine - Processing screenshot image in /var/screenshots/screenshot-2870668693931224056
13:44:31.426 [Darkroom Processing Line] DEBUG net.serenitybdd.core.photography.DarkroomProcessingLine - Saving screenshot to target\site\serenity\8d446c943ec2e8f86798318890d0ab74200fede865e380d903ff1e4fce409271.png
  &amp#27;[32mAnd &amp#27;[0m&amp#27;[32madmin input valid password&amp#27;[0m                   &amp#27;[90m# starter.definitions.login.ValidPassword()&amp#27;[0m
13:44:31.499 [Forwarding screenshot on session 09d6cbfc1090c469d64b69d80468291c to remote] DEBUG org.asynchttpclient.netty.request.NettyRequestSender - Using pooled Channel '[id: 0x360e96da, L:/127.0.0.1:64368 - R:localhost/127.0.0.1:52412]' for 'GET' to 'http://localhost:52412/session/09d6cbfc1090c469d64b69d80468291c/screenshot'
13:44:31.500 [Forwarding screenshot on session 09d6cbfc1090c469d64b69d80468291c to remote] DEBUG org.asynchttpclient.netty.request.NettyRequestSender - Using open Channel [id: 0x360e96da, L:/127.0.0.1:64368 - R:localhost/127.0.0.1:52412] for GET '/session/09d6cbfc1090c469d64b69d80468291c/screenshot'
13:44:31.714 [AsyncHttpClient-1-2] DEBUG org.asynchttpclient.netty.handler.HttpHandler - 

Request DefaultFullHttpRequest(decodeResult: success, version: HTTP/1.1, content: EmptyByteBufBE)
GET /session/09d6cbfc1090c469d64b69d80468291c/screenshot HTTP/1.1
User-Agent: selenium/4.1.2 (java windows)
Cache-Control: no-cache
Content-Type: application/json; charset=utf-8
host: localhost:52412
accept: */*

Response DefaultHttpResponse(decodeResult: success, version: HTTP/1.1)
HTTP/1.1 200 OK
Content-Type: application/json; charset=utf-8
cache-control: no-cache
content-length: 107164

13:44:31.716 [AsyncHttpClient-1-2] DEBUG org.asynchttpclient.netty.channel.ChannelManager - Adding key: http://localhost:52412 for channel [id: 0x360e96da, L:/127.0.0.1:64368 - R:localhost/127.0.0.1:52412]
13:44:31.728 [main] DEBUG net.serenitybdd.core.photography.Darkroom - Send negative for processing for target\site\serenity\d874a8400219331461e8bfe481a6f4cce54b81ddc9b9e796b0e9e20a97e4d143.png
13:44:31.729 [Darkroom Processing Line] DEBUG net.serenitybdd.core.photography.DarkroomProcessingLine - Processing screenshot image in /var/screenshots/screenshot-8907561030919211602
13:44:31.729 [Darkroom Processing Line] DEBUG net.serenitybdd.core.photography.DarkroomProcessingLine - Saving screenshot to target\site\serenity\d874a8400219331461e8bfe481a6f4cce54b81ddc9b9e796b0e9e20a97e4d143.png
13:44:31.777 [main] DEBUG net.thucydides.core.steps.StepInterceptor - STARTING STEP: login.LoginButton - clickloginButton
13:44:31.803 [Forwarding findElement on session 09d6cbfc1090c469d64b69d80468291c to remote] DEBUG org.asynchttpclient.netty.request.NettyRequestSender - Using pooled Channel '[id: 0x360e96da, L:/127.0.0.1:64368 - R:localhost/127.0.0.1:52412]' for 'POST' to 'http://localhost:52412/session/09d6cbfc1090c469d64b69d80468291c/element'
13:44:31.803 [Forwarding findElement on session 09d6cbfc1090c469d64b69d80468291c to remote] DEBUG org.asynchttpclient.netty.request.NettyRequestSender - Using open Channel [id: 0x360e96da, L:/127.0.0.1:64368 - R:localhost/127.0.0.1:52412] for POST '/session/09d6cbfc1090c469d64b69d80468291c/element'
13:44:31.832 [AsyncHttpClient-1-2] DEBUG org.asynchttpclient.netty.handler.HttpHandler - 

Request DefaultHttpRequest(decodeResult: success, version: HTTP/1.1)
POST /session/09d6cbfc1090c469d64b69d80468291c/element HTTP/1.1
User-Agent: selenium/4.1.2 (java windows)
Content-Length: 101
Content-Type: application/json; charset=utf-8
host: localhost:52412
accept: */*

Response DefaultHttpResponse(decodeResult: success, version: HTTP/1.1)
HTTP/1.1 200 OK
Content-Type: application/json; charset=utf-8
cache-control: no-cache
content-length: 88

13:44:31.832 [AsyncHttpClient-1-2] DEBUG org.asynchttpclient.netty.channel.ChannelManager - Adding key: http://localhost:52412 for channel [id: 0x360e96da, L:/127.0.0.1:64368 - R:localhost/127.0.0.1:52412]
13:44:31.837 [Forwarding getElementTagName on session 09d6cbfc1090c469d64b69d80468291c to remote] DEBUG org.asynchttpclient.netty.request.NettyRequestSender - Using pooled Channel '[id: 0x360e96da, L:/127.0.0.1:64368 - R:localhost/127.0.0.1:52412]' for 'GET' to 'http://localhost:52412/session/09d6cbfc1090c469d64b69d80468291c/element/5fe7f234-f037-455f-bafa-a6b9937007f2/name'
13:44:31.837 [Forwarding getElementTagName on session 09d6cbfc1090c469d64b69d80468291c to remote] DEBUG org.asynchttpclient.netty.request.NettyRequestSender - Using open Channel [id: 0x360e96da, L:/127.0.0.1:64368 - R:localhost/127.0.0.1:52412] for GET '/session/09d6cbfc1090c469d64b69d80468291c/element/5fe7f234-f037-455f-bafa-a6b9937007f2/name'
13:44:31.852 [AsyncHttpClient-1-2] DEBUG org.asynchttpclient.netty.handler.HttpHandler - 

Request DefaultFullHttpRequest(decodeResult: success, version: HTTP/1.1, content: EmptyByteBufBE)
GET /session/09d6cbfc1090c469d64b69d80468291c/element/5fe7f234-f037-455f-bafa-a6b9937007f2/name HTTP/1.1
User-Agent: selenium/4.1.2 (java windows)
Cache-Control: no-cache
Content-Type: application/json; charset=utf-8
host: localhost:52412
accept: */*

Response DefaultHttpResponse(decodeResult: success, version: HTTP/1.1)
HTTP/1.1 200 OK
Content-Type: application/json; charset=utf-8
cache-control: no-cache
content-length: 18

13:44:31.853 [AsyncHttpClient-1-2] DEBUG org.asynchttpclient.netty.channel.ChannelManager - Adding key: http://localhost:52412 for channel [id: 0x360e96da, L:/127.0.0.1:64368 - R:localhost/127.0.0.1:52412]
13:44:31.858 [Forwarding getElementTagName on session 09d6cbfc1090c469d64b69d80468291c to remote] DEBUG org.asynchttpclient.netty.request.NettyRequestSender - Using pooled Channel '[id: 0x360e96da, L:/127.0.0.1:64368 - R:localhost/127.0.0.1:52412]' for 'GET' to 'http://localhost:52412/session/09d6cbfc1090c469d64b69d80468291c/element/5fe7f234-f037-455f-bafa-a6b9937007f2/name'
13:44:31.859 [Forwarding getElementTagName on session 09d6cbfc1090c469d64b69d80468291c to remote] DEBUG org.asynchttpclient.netty.request.NettyRequestSender - Using open Channel [id: 0x360e96da, L:/127.0.0.1:64368 - R:localhost/127.0.0.1:52412] for GET '/session/09d6cbfc1090c469d64b69d80468291c/element/5fe7f234-f037-455f-bafa-a6b9937007f2/name'
13:44:31.867 [AsyncHttpClient-1-2] DEBUG org.asynchttpclient.netty.handler.HttpHandler - 

Request DefaultFullHttpRequest(decodeResult: success, version: HTTP/1.1, content: EmptyByteBufBE)
GET /session/09d6cbfc1090c469d64b69d80468291c/element/5fe7f234-f037-455f-bafa-a6b9937007f2/name HTTP/1.1
User-Agent: selenium/4.1.2 (java windows)
Cache-Control: no-cache
Content-Type: application/json; charset=utf-8
host: localhost:52412
accept: */*

Response DefaultHttpResponse(decodeResult: success, version: HTTP/1.1)
HTTP/1.1 200 OK
Content-Type: application/json; charset=utf-8
cache-control: no-cache
content-length: 18

13:44:31.867 [AsyncHttpClient-1-2] DEBUG org.asynchttpclient.netty.channel.ChannelManager - Adding key: http://localhost:52412 for channel [id: 0x360e96da, L:/127.0.0.1:64368 - R:localhost/127.0.0.1:52412]
13:44:31.889 [Forwarding isElementEnabled on session 09d6cbfc1090c469d64b69d80468291c to remote] DEBUG org.asynchttpclient.netty.request.NettyRequestSender - Using pooled Channel '[id: 0x360e96da, L:/127.0.0.1:64368 - R:localhost/127.0.0.1:52412]' for 'GET' to 'http://localhost:52412/session/09d6cbfc1090c469d64b69d80468291c/element/5fe7f234-f037-455f-bafa-a6b9937007f2/enabled'
13:44:31.890 [Forwarding isElementEnabled on session 09d6cbfc1090c469d64b69d80468291c to remote] DEBUG org.asynchttpclient.netty.request.NettyRequestSender - Using open Channel [id: 0x360e96da, L:/127.0.0.1:64368 - R:localhost/127.0.0.1:52412] for GET '/session/09d6cbfc1090c469d64b69d80468291c/element/5fe7f234-f037-455f-bafa-a6b9937007f2/enabled'
13:44:31.925 [AsyncHttpClient-1-2] DEBUG org.asynchttpclient.netty.handler.HttpHandler - 

Request DefaultFullHttpRequest(decodeResult: success, version: HTTP/1.1, content: EmptyByteBufBE)
GET /session/09d6cbfc1090c469d64b69d80468291c/element/5fe7f234-f037-455f-bafa-a6b9937007f2/enabled HTTP/1.1
User-Agent: selenium/4.1.2 (java windows)
Cache-Control: no-cache
Content-Type: application/json; charset=utf-8
host: localhost:52412
accept: */*

Response DefaultHttpResponse(decodeResult: success, version: HTTP/1.1)
HTTP/1.1 200 OK
Content-Type: application/json; charset=utf-8
cache-control: no-cache
content-length: 14

13:44:31.926 [AsyncHttpClient-1-2] DEBUG org.asynchttpclient.netty.channel.ChannelManager - Adding key: http://localhost:52412 for channel [id: 0x360e96da, L:/127.0.0.1:64368 - R:localhost/127.0.0.1:52412]
13:44:31.930 [Forwarding isElementEnabled on session 09d6cbfc1090c469d64b69d80468291c to remote] DEBUG org.asynchttpclient.netty.request.NettyRequestSender - Using pooled Channel '[id: 0x360e96da, L:/127.0.0.1:64368 - R:localhost/127.0.0.1:52412]' for 'GET' to 'http://localhost:52412/session/09d6cbfc1090c469d64b69d80468291c/element/5fe7f234-f037-455f-bafa-a6b9937007f2/enabled'
13:44:31.930 [Forwarding isElementEnabled on session 09d6cbfc1090c469d64b69d80468291c to remote] DEBUG org.asynchttpclient.netty.request.NettyRequestSender - Using open Channel [id: 0x360e96da, L:/127.0.0.1:64368 - R:localhost/127.0.0.1:52412] for GET '/session/09d6cbfc1090c469d64b69d80468291c/element/5fe7f234-f037-455f-bafa-a6b9937007f2/enabled'
13:44:31.944 [AsyncHttpClient-1-2] DEBUG org.asynchttpclient.netty.handler.HttpHandler - 

Request DefaultFullHttpRequest(decodeResult: success, version: HTTP/1.1, content: EmptyByteBufBE)
GET /session/09d6cbfc1090c469d64b69d80468291c/element/5fe7f234-f037-455f-bafa-a6b9937007f2/enabled HTTP/1.1
User-Agent: selenium/4.1.2 (java windows)
Cache-Control: no-cache
Content-Type: application/json; charset=utf-8
host: localhost:52412
accept: */*

Response DefaultHttpResponse(decodeResult: success, version: HTTP/1.1)
HTTP/1.1 200 OK
Content-Type: application/json; charset=utf-8
cache-control: no-cache
content-length: 14

13:44:31.944 [AsyncHttpClient-1-2] DEBUG org.asynchttpclient.netty.channel.ChannelManager - Adding key: http://localhost:52412 for channel [id: 0x360e96da, L:/127.0.0.1:64368 - R:localhost/127.0.0.1:52412]
13:44:31.950 [Forwarding findElement on session 09d6cbfc1090c469d64b69d80468291c to remote] DEBUG org.asynchttpclient.netty.request.NettyRequestSender - Using pooled Channel '[id: 0x360e96da, L:/127.0.0.1:64368 - R:localhost/127.0.0.1:52412]' for 'POST' to 'http://localhost:52412/session/09d6cbfc1090c469d64b69d80468291c/element'
13:44:31.951 [Forwarding findElement on session 09d6cbfc1090c469d64b69d80468291c to remote] DEBUG org.asynchttpclient.netty.request.NettyRequestSender - Using open Channel [id: 0x360e96da, L:/127.0.0.1:64368 - R:localhost/127.0.0.1:52412] for POST '/session/09d6cbfc1090c469d64b69d80468291c/element'
13:44:31.979 [AsyncHttpClient-1-2] DEBUG org.asynchttpclient.netty.handler.HttpHandler - 

Request DefaultHttpRequest(decodeResult: success, version: HTTP/1.1)
POST /session/09d6cbfc1090c469d64b69d80468291c/element HTTP/1.1
User-Agent: selenium/4.1.2 (java windows)
Content-Length: 101
Content-Type: application/json; charset=utf-8
host: localhost:52412
accept: */*

Response DefaultHttpResponse(decodeResult: success, version: HTTP/1.1)
HTTP/1.1 200 OK
Content-Type: application/json; charset=utf-8
cache-control: no-cache
content-length: 88

13:44:31.980 [AsyncHttpClient-1-2] DEBUG org.asynchttpclient.netty.channel.ChannelManager - Adding key: http://localhost:52412 for channel [id: 0x360e96da, L:/127.0.0.1:64368 - R:localhost/127.0.0.1:52412]
13:44:31.983 [Forwarding clickElement on session 09d6cbfc1090c469d64b69d80468291c to remote] DEBUG org.asynchttpclient.netty.request.NettyRequestSender - Using pooled Channel '[id: 0x360e96da, L:/127.0.0.1:64368 - R:localhost/127.0.0.1:52412]' for 'POST' to 'http://localhost:52412/session/09d6cbfc1090c469d64b69d80468291c/element/5fe7f234-f037-455f-bafa-a6b9937007f2/click'
13:44:31.983 [Forwarding clickElement on session 09d6cbfc1090c469d64b69d80468291c to remote] DEBUG org.asynchttpclient.netty.request.NettyRequestSender - Using open Channel [id: 0x360e96da, L:/127.0.0.1:64368 - R:localhost/127.0.0.1:52412] for POST '/session/09d6cbfc1090c469d64b69d80468291c/element/5fe7f234-f037-455f-bafa-a6b9937007f2/click'
13:44:32.028 [AsyncHttpClient-1-1] DEBUG org.asynchttpclient.netty.channel.DefaultChannelPool - Entry count for : http://localhost:64369 : 1
13:44:32.147 [AsyncHttpClient-1-2] DEBUG org.asynchttpclient.netty.handler.HttpHandler - 

Request DefaultHttpRequest(decodeResult: success, version: HTTP/1.1)
POST /session/09d6cbfc1090c469d64b69d80468291c/element/5fe7f234-f037-455f-bafa-a6b9937007f2/click HTTP/1.1
User-Agent: selenium/4.1.2 (java windows)
Content-Length: 50
Content-Type: application/json; charset=utf-8
host: localhost:52412
accept: */*

Response DefaultHttpResponse(decodeResult: success, version: HTTP/1.1)
HTTP/1.1 200 OK
Content-Type: application/json; charset=utf-8
cache-control: no-cache
content-length: 14

13:44:32.147 [AsyncHttpClient-1-2] DEBUG org.asynchttpclient.netty.channel.ChannelManager - Adding key: http://localhost:52412 for channel [id: 0x360e96da, L:/127.0.0.1:64368 - R:localhost/127.0.0.1:52412]
13:44:32.171 [Forwarding screenshot on session 09d6cbfc1090c469d64b69d80468291c to remote] DEBUG org.asynchttpclient.netty.request.NettyRequestSender - Using pooled Channel '[id: 0x360e96da, L:/127.0.0.1:64368 - R:localhost/127.0.0.1:52412]' for 'GET' to 'http://localhost:52412/session/09d6cbfc1090c469d64b69d80468291c/screenshot'
13:44:32.172 [Forwarding screenshot on session 09d6cbfc1090c469d64b69d80468291c to remote] DEBUG org.asynchttpclient.netty.request.NettyRequestSender - Using open Channel [id: 0x360e96da, L:/127.0.0.1:64368 - R:localhost/127.0.0.1:52412] for GET '/session/09d6cbfc1090c469d64b69d80468291c/screenshot'
13:44:32.440 [AsyncHttpClient-1-2] DEBUG org.asynchttpclient.netty.handler.HttpHandler - 

Request DefaultFullHttpRequest(decodeResult: success, version: HTTP/1.1, content: EmptyByteBufBE)
GET /session/09d6cbfc1090c469d64b69d80468291c/screenshot HTTP/1.1
User-Agent: selenium/4.1.2 (java windows)
Cache-Control: no-cache
Content-Type: application/json; charset=utf-8
host: localhost:52412
accept: */*

Response DefaultHttpResponse(decodeResult: success, version: HTTP/1.1)
HTTP/1.1 200 OK
Content-Type: application/json; charset=utf-8
cache-control: no-cache
content-length: 107044

13:44:32.442 [AsyncHttpClient-1-2] DEBUG org.asynchttpclient.netty.channel.ChannelManager - Adding key: http://localhost:52412 for channel [id: 0x360e96da, L:/127.0.0.1:64368 - R:localhost/127.0.0.1:52412]
13:44:32.454 [main] DEBUG net.serenitybdd.core.photography.Darkroom - Send negative for processing for target\site\serenity\efb9e207eba7600e512c4f2083fe46ea6110b91845a7461e066ae4ee85b7d0e2.png
13:44:32.455 [main] DEBUG net.thucydides.core.steps.StepInterceptor - STEP DONE: clickloginButton
13:44:32.456 [Darkroom Processing Line] DEBUG net.serenitybdd.core.photography.DarkroomProcessingLine - Processing screenshot image in /var/screenshots/screenshot-8056618962413924745
  &amp#27;[32mAnd &amp#27;[0m&amp#27;[32madmin click on masuk button&amp#27;[0m                  &amp#27;[90m# starter.definitions.login.LoginButton()&amp#27;[0m
13:44:32.457 [Darkroom Processing Line] DEBUG net.serenitybdd.core.photography.DarkroomProcessingLine - Saving screenshot to target\site\serenity\efb9e207eba7600e512c4f2083fe46ea6110b91845a7461e066ae4ee85b7d0e2.png
13:44:32.512 [Forwarding screenshot on session 09d6cbfc1090c469d64b69d80468291c to remote] DEBUG org.asynchttpclient.netty.request.NettyRequestSender - Using pooled Channel '[id: 0x360e96da, L:/127.0.0.1:64368 - R:localhost/127.0.0.1:52412]' for 'GET' to 'http://localhost:52412/session/09d6cbfc1090c469d64b69d80468291c/screenshot'
13:44:32.513 [Forwarding screenshot on session 09d6cbfc1090c469d64b69d80468291c to remote] DEBUG org.asynchttpclient.netty.request.NettyRequestSender - Using open Channel [id: 0x360e96da, L:/127.0.0.1:64368 - R:localhost/127.0.0.1:52412] for GET '/session/09d6cbfc1090c469d64b69d80468291c/screenshot'
13:44:32.719 [AsyncHttpClient-1-2] DEBUG org.asynchttpclient.netty.handler.HttpHandler - 

Request DefaultFullHttpRequest(decodeResult: success, version: HTTP/1.1, content: EmptyByteBufBE)
GET /session/09d6cbfc1090c469d64b69d80468291c/screenshot HTTP/1.1
User-Agent: selenium/4.1.2 (java windows)
Cache-Control: no-cache
Content-Type: application/json; charset=utf-8
host: localhost:52412
accept: */*

Response DefaultHttpResponse(decodeResult: success, version: HTTP/1.1)
HTTP/1.1 200 OK
Content-Type: application/json; charset=utf-8
cache-control: no-cache
content-length: 107020

13:44:32.721 [AsyncHttpClient-1-2] DEBUG org.asynchttpclient.netty.channel.ChannelManager - Adding key: http://localhost:52412 for channel [id: 0x360e96da, L:/127.0.0.1:64368 - R:localhost/127.0.0.1:52412]
13:44:32.738 [main] DEBUG net.serenitybdd.core.photography.Darkroom - Send negative for processing for target\site\serenity\6e87135eb408c9a25f1da8d72c055635acfae183c04ec5497751c71a818a061b.png
13:44:32.739 [Darkroom Processing Line] DEBUG net.serenitybdd.core.photography.DarkroomProcessingLine - Processing screenshot image in /var/screenshots/screenshot-7319189241099906003
13:44:32.740 [Darkroom Processing Line] DEBUG net.serenitybdd.core.photography.DarkroomProcessingLine - Saving screenshot to target\site\serenity\6e87135eb408c9a25f1da8d72c055635acfae183c04ec5497751c71a818a061b.png
13:44:32.740 [main] DEBUG net.thucydides.core.steps.StepInterceptor - STARTING STEP: login.HomePage - onHomePage
13:44:32.747 [Forwarding findElement on session 09d6cbfc1090c469d64b69d80468291c to remote] DEBUG org.asynchttpclient.netty.request.NettyRequestSender - Using pooled Channel '[id: 0x360e96da, L:/127.0.0.1:64368 - R:localhost/127.0.0.1:52412]' for 'POST' to 'http://localhost:52412/session/09d6cbfc1090c469d64b69d80468291c/element'
13:44:32.747 [Forwarding findElement on session 09d6cbfc1090c469d64b69d80468291c to remote] DEBUG org.asynchttpclient.netty.request.NettyRequestSender - Using open Channel [id: 0x360e96da, L:/127.0.0.1:64368 - R:localhost/127.0.0.1:52412] for POST '/session/09d6cbfc1090c469d64b69d80468291c/element'
13:44:33.129 [AsyncHttpClient-1-1] DEBUG org.asynchttpclient.netty.channel.DefaultChannelPool - Entry count for : http://localhost:64369 : 1
13:44:34.239 [AsyncHttpClient-1-1] DEBUG org.asynchttpclient.netty.channel.DefaultChannelPool - Entry count for : http://localhost:64369 : 1
13:44:34.804 [AsyncHttpClient-1-2] DEBUG org.asynchttpclient.netty.handler.HttpHandler - 

Request DefaultHttpRequest(decodeResult: success, version: HTTP/1.1)
POST /session/09d6cbfc1090c469d64b69d80468291c/element HTTP/1.1
User-Agent: selenium/4.1.2 (java windows)
Content-Length: 101
Content-Type: application/json; charset=utf-8
host: localhost:52412
accept: */*

Response DefaultHttpResponse(decodeResult: success, version: HTTP/1.1)
HTTP/1.1 404 Not Found
Content-Type: application/json; charset=utf-8
cache-control: no-cache
content-length: 1059

13:44:34.805 [AsyncHttpClient-1-2] DEBUG org.asynchttpclient.netty.channel.ChannelManager - Adding key: http://localhost:52412 for channel [id: 0x360e96da, L:/127.0.0.1:64368 - R:localhost/127.0.0.1:52412]
13:44:34.849 [Forwarding screenshot on session 09d6cbfc1090c469d64b69d80468291c to remote] DEBUG org.asynchttpclient.netty.request.NettyRequestSender - Using pooled Channel '[id: 0x360e96da, L:/127.0.0.1:64368 - R:localhost/127.0.0.1:52412]' for 'GET' to 'http://localhost:52412/session/09d6cbfc1090c469d64b69d80468291c/screenshot'
13:44:34.849 [Forwarding screenshot on session 09d6cbfc1090c469d64b69d80468291c to remote] DEBUG org.asynchttpclient.netty.request.NettyRequestSender - Using open Channel [id: 0x360e96da, L:/127.0.0.1:64368 - R:localhost/127.0.0.1:52412] for GET '/session/09d6cbfc1090c469d64b69d80468291c/screenshot'
13:44:35.047 [AsyncHttpClient-1-2] DEBUG org.asynchttpclient.netty.handler.HttpHandler - 

Request DefaultFullHttpRequest(decodeResult: success, version: HTTP/1.1, content: EmptyByteBufBE)
GET /session/09d6cbfc1090c469d64b69d80468291c/screenshot HTTP/1.1
User-Agent: selenium/4.1.2 (java windows)
Cache-Control: no-cache
Content-Type: application/json; charset=utf-8
host: localhost:52412
accept: */*

Response DefaultHttpResponse(decodeResult: success, version: HTTP/1.1)
HTTP/1.1 200 OK
Content-Type: application/json; charset=utf-8
cache-control: no-cache
content-length: 107020

13:44:35.049 [AsyncHttpClient-1-2] DEBUG org.asynchttpclient.netty.channel.ChannelManager - Adding key: http://localhost:52412 for channel [id: 0x360e96da, L:/127.0.0.1:64368 - R:localhost/127.0.0.1:52412]
13:44:35.061 [main] DEBUG net.serenitybdd.core.photography.Darkroom - Send negative for processing for target\site\serenity\6e87135eb408c9a25f1da8d72c055635acfae183c04ec5497751c71a818a061b.png
13:44:35.067 [Forwarding getPageSource on session 09d6cbfc1090c469d64b69d80468291c to remote] DEBUG org.asynchttpclient.netty.request.NettyRequestSender - Using pooled Channel '[id: 0x360e96da, L:/127.0.0.1:64368 - R:localhost/127.0.0.1:52412]' for 'POST' to 'http://localhost:52412/session/09d6cbfc1090c469d64b69d80468291c/execute/sync'
13:44:35.067 [Forwarding getPageSource on session 09d6cbfc1090c469d64b69d80468291c to remote] DEBUG org.asynchttpclient.netty.request.NettyRequestSender - Using open Channel [id: 0x360e96da, L:/127.0.0.1:64368 - R:localhost/127.0.0.1:52412] for POST '/session/09d6cbfc1090c469d64b69d80468291c/execute/sync'
13:44:35.329 [AsyncHttpClient-1-2] DEBUG org.asynchttpclient.netty.handler.HttpHandler - 

Request DefaultHttpRequest(decodeResult: success, version: HTTP/1.1)
POST /session/09d6cbfc1090c469d64b69d80468291c/execute/sync HTTP/1.1
User-Agent: selenium/4.1.2 (java windows)
Content-Length: 176
Content-Type: application/json; charset=utf-8
host: localhost:52412
accept: */*

Response DefaultHttpResponse(decodeResult: success, version: HTTP/1.1)
HTTP/1.1 200 OK
Content-Type: application/json; charset=utf-8
cache-control: no-cache
content-length: 149125

13:44:35.332 [AsyncHttpClient-1-2] DEBUG org.asynchttpclient.netty.channel.ChannelManager - Adding key: http://localhost:52412 for channel [id: 0x360e96da, L:/127.0.0.1:64368 - R:localhost/127.0.0.1:52412]
13:44:35.361 [AsyncHttpClient-1-1] DEBUG org.asynchttpclient.netty.channel.DefaultChannelPool - Entry count for : http://localhost:52412 : 1
13:44:35.361 [AsyncHttpClient-1-1] DEBUG org.asynchttpclient.netty.channel.DefaultChannelPool - Entry count for : http://localhost:64369 : 1
13:44:35.790 [Forwarding getCurrentUrl on session 09d6cbfc1090c469d64b69d80468291c to remote] DEBUG org.asynchttpclient.netty.request.NettyRequestSender - Using pooled Channel '[id: 0x360e96da, L:/127.0.0.1:64368 - R:localhost/127.0.0.1:52412]' for 'GET' to 'http://localhost:52412/session/09d6cbfc1090c469d64b69d80468291c/url'
13:44:35.791 [Forwarding getCurrentUrl on session 09d6cbfc1090c469d64b69d80468291c to remote] DEBUG org.asynchttpclient.netty.request.NettyRequestSender - Using open Channel [id: 0x360e96da, L:/127.0.0.1:64368 - R:localhost/127.0.0.1:52412] for GET '/session/09d6cbfc1090c469d64b69d80468291c/url'
13:44:35.827 [AsyncHttpClient-1-2] DEBUG org.asynchttpclient.netty.handler.HttpHandler - 

Request DefaultFullHttpRequest(decodeResult: success, version: HTTP/1.1, content: EmptyByteBufBE)
GET /session/09d6cbfc1090c469d64b69d80468291c/url HTTP/1.1
User-Agent: selenium/4.1.2 (java windows)
Cache-Control: no-cache
Content-Type: application/json; charset=utf-8
host: localhost:52412
accept: */*

Response DefaultHttpResponse(decodeResult: success, version: HTTP/1.1)
HTTP/1.1 200 OK
Content-Type: application/json; charset=utf-8
cache-control: no-cache
content-length: 83

13:44:35.828 [AsyncHttpClient-1-2] DEBUG org.asynchttpclient.netty.channel.ChannelManager - Adding key: http://localhost:52412 for channel [id: 0x360e96da, L:/127.0.0.1:64368 - R:localhost/127.0.0.1:52412]
  &amp#27;[31mThen &amp#27;[0m&amp#27;[31madmin on homepage&amp#27;[0m                           &amp#27;[90m# starter.definitions.login.HomePage()&amp#27;[0m
      &amp#27;[31morg.openqa.selenium.NoSuchElementException: no such element: Unable to locate element: {"method":"xpath","selector":"//h1[normalize-space()='Selamat Datang Admin Simars!']"}
  (Session info: chrome=103.0.5060.114)
For documentation on this error, please visit: https://selenium.dev/exceptions/#no_such_element
Build info: version: '4.1.2', revision: '9a5a329c5a'
System info: host: 'DESKTOP-KEF9BIM', ip: '192.168.56.1', os.name: 'Windows 10', os.arch: 'amd64', os.version: '10.0', java.version: '1.8.0_202'
Driver info: org.openqa.selenium.chrome.ChromeDriver
Command: [09d6cbfc1090c469d64b69d80468291c, findElement {using=xpath, value=//h1[normalize-space()='Selamat Datang Admin Simars!']}]
Capabilities {acceptInsecureCerts: false, browserName: chrome, browserVersion: 103.0.5060.114, chrome: {chromedriverVersion: 103.0.5060.53 (a1711811edd7..., userDataDir: C:\Users\Ocky\AppData\Local...}, goog:chromeOptions: {debuggerAddress: localhost:64369}, javascriptEnabled: true, networkConnectionEnabled: false, pageLoadStrategy: normal, platform: WINDOWS, platformName: WINDOWS, proxy: Proxy(), se:cdp: ws://localhost:64369/devtoo..., se:cdpVersion: 103.0.5060.114, setWindowRect: true, strictFileInteractability: false, timeouts: {implicit: 0, pageLoad: 300000, script: 30000}, unhandledPromptBehavior: dismiss and notify, webauthn:extension:credBlob: true, webauthn:extension:largeBlob: true, webauthn:virtualAuthenticators: true}
Session ID: 09d6cbfc1090c469d64b69d80468291c
	at sun.reflect.NativeConstructorAccessorImpl.newInstance0(Native Method)
	at sun.reflect.NativeConstructorAccessorImpl.newInstance(NativeConstructorAccessorImpl.java:62)
	at sun.reflect.DelegatingConstructorAccessorImpl.newInstance(DelegatingConstructorAccessorImpl.java:45)
	at java.lang.reflect.Constructor.newInstance(Constructor.java:423)
	at org.openqa.selenium.remote.codec.w3c.W3CHttpResponseCodec.createException(W3CHttpResponseCodec.java:200)
	at org.openqa.selenium.remote.codec.w3c.W3CHttpResponseCodec.decode(W3CHttpResponseCodec.java:133)
	at org.openqa.selenium.remote.codec.w3c.W3CHttpResponseCodec.decode(W3CHttpResponseCodec.java:53)
	at org.openqa.selenium.remote.HttpCommandExecutor.execute(HttpCommandExecutor.java:184)
	at org.openqa.selenium.remote.service.DriverCommandExecutor.invokeExecute(DriverCommandExecutor.java:167)
	at org.openqa.selenium.remote.service.DriverCommandExecutor.execute(DriverCommandExecutor.java:142)
	at org.openqa.selenium.remote.RemoteWebDriver.execute(RemoteWebDriver.java:558)
	at org.openqa.selenium.remote.ElementLocation$ElementFinder$2.findElement(ElementLocation.java:162)
	at org.openqa.selenium.remote.ElementLocation.findElement(ElementLocation.java:60)
	at org.openqa.selenium.remote.RemoteWebDriver.findElement(RemoteWebDriver.java:382)
	at org.openqa.selenium.remote.RemoteWebDriver.findElement(RemoteWebDriver.java:374)
	at net.thucydides.core.webdriver.WebDriverFacade.findElement(WebDriverFacade.java:224)
	at net.serenitybdd.core.pages.WebElementResolverByLocator.resolveForDriver(WebElementResolverByLocator.java:25)
	at net.serenitybdd.core.pages.WebElementFacadeImpl.getResolvedElement(WebElementFacadeImpl.java:191)
	at net.serenitybdd.core.pages.WebElementFacadeImpl.getElement(WebElementFacadeImpl.java:186)
	at net.serenitybdd.core.pages.WebElementFacadeImpl.isDisplayed(WebElementFacadeImpl.java:1289)
	at starter.pages.homepages.onHomePage(homepages.java:16)
	at starter.pages.homepages$ByteBuddy$mGBKFi8p.onHomePage$accessor$OUXwTWKQ(Unknown Source)
	at sun.reflect.NativeMethodAccessorImpl.invoke0(Native Method)
	at sun.reflect.NativeMethodAccessorImpl.invoke(NativeMethodAccessorImpl.java:62)
	at sun.reflect.DelegatingMethodAccessorImpl.invoke(DelegatingMethodAccessorImpl.java:43)
	at java.lang.reflect.Method.invoke(Method.java:498)
	at net.thucydides.core.steps.StepInterceptor.invokeMethod(StepInterceptor.java:503)
	at net.thucydides.core.steps.StepInterceptor.executeTestStepMethod(StepInterceptor.java:483)
	at net.thucydides.core.steps.StepInterceptor.runTestStep(StepInterceptor.java:457)
	at net.thucydides.core.steps.StepInterceptor.runOrSkipMethod(StepInterceptor.java:209)
	at net.thucydides.core.steps.StepInterceptor.testStepResult(StepInterceptor.java:196)
	at net.thucydides.core.steps.StepInterceptor.intercept(StepInterceptor.java:84)
	at net.thucydides.core.steps.ProxyConfiguration$InterceptorDispatcher.intercept(ProxyConfiguration.java:51)
	at starter.pages.homepages$ByteBuddy$mGBKFi8p.onHomePage(Unknown Source)
	at starter.definitions.login.HomePage(login.java:39)
	at âœ½.admin on homepage(file:///C:/Users/Ocky/Documents/final_project/web%20testing/src/test/resources/features/login.feature:8)
&amp#27;[0m
13:44:36.023 [main] ERROR  - 
  _____   ___   ___   _____     ___   ___   ___    ___    ___ 
 |_   _| | __| / __| |_   _|   | __| | _ \ | _ \  / _ \  | _ \
   | |   | _|  \__ \   | |     | _|  |   / |   / | (_) | |   /
   |_|   |___| |___/   |_|     |___| |_|_\ |_|_\  \___/  |_|_\

As admin I want to login with valid data
---------------------------------------------------------------
13:44:36.032 [main] DEBUG  - RELATED ISSUES: 
13:44:36.067 [main] ERROR  -     Test failed at step: On home page
13:44:36.068 [main] ERROR  -     no such element: Unable to locate element: {"method":"xpath","selector":"//h1[normalize-space()='Selamat Datang Admin Simars!']"}
13:44:36.434 [AsyncHttpClient-1-1] DEBUG org.asynchttpclient.netty.channel.DefaultChannelPool - Entry count for : http://localhost:52412 : 1
13:44:36.434 [AsyncHttpClient-1-1] DEBUG org.asynchttpclient.netty.channel.DefaultChannelPool - Entry count for : http://localhost:64369 : 1
13:44:36.650 [AsyncHttpClient-1-4] DEBUG org.asynchttpclient.netty.handler.WebSocketHandler - Channel Closed: [id: 0xb7d806a5, L:/127.0.0.1:64378 ! R:localhost/127.0.0.1:64369] with attribute NettyResponseFuture{currentRetry=5,
	isDone=1,
	isCancelled=0,
	asyncHandler=org.asynchttpclient.ws.WebSocketUpgradeHandler@1cc4f3d5,
	nettyRequest=org.asynchttpclient.netty.request.NettyRequest@3ca34448,
	future=java.util.concurrent.CompletableFuture@5447dd84[Completed normally],
	uri=ws://localhost:64369/devtools/browser/efe19508-f3c2-46fb-b28b-519d63362009,
	keepAlive=true,
	redirectCount=0,
	timeoutsHolder=null,
	inAuth=0,
	touch=1658213062359}
[...]
Session ID: a959986235bfbb8f7a0d11d8dbc1685d)
13:46:32.950 [main] DEBUG net.thucydides.core.steps.StepInterceptor - STARTING STEP: pendaftaranbaru.registsukses - validateSuccess
13:46:32.954 [Forwarding findElement on session a959986235bfbb8f7a0d11d8dbc1685d to remote] DEBUG org.asynchttpclient.netty.request.NettyRequestSender - Using pooled Channel '[id: 0x9de8e87b, L:/127.0.0.1:64529 - R:localhost/127.0.0.1:57047]' for 'POST' to 'http://localhost:57047/session/a959986235bfbb8f7a0d11d8dbc1685d/element'
13:46:32.955 [Forwarding findElement on session a959986235bfbb8f7a0d11d8dbc1685d to remote] DEBUG org.asynchttpclient.netty.request.NettyRequestSender - Using open Channel [id: 0x9de8e87b, L:/127.0.0.1:64529 - R:localhost/127.0.0.1:57047] for POST '/session/a959986235bfbb8f7a0d11d8dbc1685d/element'
13:46:33.057 [AsyncHttpClient-1-1] DEBUG org.asynchttpclient.netty.channel.DefaultChannelPool - Entry count for : http://localhost:64530 : 1
13:46:34.137 [AsyncHttpClient-1-1] DEBUG org.asynchttpclient.netty.channel.DefaultChannelPool - Entry count for : http://localhost:64530 : 1
13:46:35.066 [AsyncHttpClient-1-4] DEBUG org.asynchttpclient.netty.handler.HttpHandler - 

Request DefaultHttpRequest(decodeResult: success, version: HTTP/1.1)
POST /session/a959986235bfbb8f7a0d11d8dbc1685d/element HTTP/1.1
User-Agent: selenium/4.1.2 (java windows)
Content-Length: 97
Content-Type: application/json; charset=utf-8
host: localhost:57047
accept: */*

Response DefaultHttpResponse(decodeResult: success, version: HTTP/1.1)
HTTP/1.1 404 Not Found
Content-Type: application/json; charset=utf-8
cache-control: no-cache
content-length: 1055

13:46:35.066 [AsyncHttpClient-1-4] DEBUG org.asynchttpclient.netty.channel.ChannelManager - Adding key: http://localhost:57047 for channel [id: 0x9de8e87b, L:/127.0.0.1:64529 - R:localhost/127.0.0.1:57047]
13:46:35.080 [Forwarding screenshot on session a959986235bfbb8f7a0d11d8dbc1685d to remote] DEBUG org.asynchttpclient.netty.request.NettyRequestSender - Using pooled Channel '[id: 0x9de8e87b, L:/127.0.0.1:64529 - R:localhost/127.0.0.1:57047]' for 'GET' to 'http://localhost:57047/session/a959986235bfbb8f7a0d11d8dbc1685d/screenshot'
13:46:35.080 [Forwarding screenshot on session a959986235bfbb8f7a0d11d8dbc1685d to remote] DEBUG org.asynchttpclient.netty.request.NettyRequestSender - Using open Channel [id: 0x9de8e87b, L:/127.0.0.1:64529 - R:localhost/127.0.0.1:57047] for GET '/session/a959986235bfbb8f7a0d11d8dbc1685d/screenshot'
13:46:35.243 [AsyncHttpClient-1-1] DEBUG org.asynchttpclient.netty.channel.DefaultChannelPool - Entry count for : http://localhost:64530 : 1
13:46:35.257 [AsyncHttpClient-1-4] DEBUG org.asynchttpclient.netty.handler.HttpHandler - 

Request DefaultFullHttpRequest(decodeResult: success, version: HTTP/1.1, content: EmptyByteBufBE)
GET /session/a959986235bfbb8f7a0d11d8dbc1685d/screenshot HTTP/1.1
User-Agent: selenium/4.1.2 (java windows)
Cache-Control: no-cache
Content-Type: application/json; charset=utf-8
host: localhost:57047
accept: */*

Response DefaultHttpResponse(decodeResult: success, version: HTTP/1.1)
HTTP/1.1 200 OK
Content-Type: application/json; charset=utf-8
cache-control: no-cache
content-length: 44452

13:46:35.258 [AsyncHttpClient-1-4] DEBUG org.asynchttpclient.netty.channel.ChannelManager - Adding key: http://localhost:57047 for channel [id: 0x9de8e87b, L:/127.0.0.1:64529 - R:localhost/127.0.0.1:57047]
13:46:35.265 [main] DEBUG net.serenitybdd.core.photography.Darkroom - Send negative for processing for target\site\serenity\ce880503e8aa41675d796cafbf273634ae3993dbee7ab932ff6f482245b1c7f2.png
13:46:35.266 [Darkroom Processing Line] DEBUG net.serenitybdd.core.photography.DarkroomProcessingLine - Processing screenshot image in /var/screenshots/screenshot-106551359610426542
13:46:35.266 [Darkroom Processing Line] DEBUG net.serenitybdd.core.photography.DarkroomProcessingLine - Saving screenshot to target\site\serenity\ce880503e8aa41675d796cafbf273634ae3993dbee7ab932ff6f482245b1c7f2.png
13:46:35.268 [Forwarding getPageSource on session a959986235bfbb8f7a0d11d8dbc1685d to remote] DEBUG org.asynchttpclient.netty.request.NettyRequestSender - Using pooled Channel '[id: 0x9de8e87b, L:/127.0.0.1:64529 - R:localhost/127.0.0.1:57047]' for 'POST' to 'http://localhost:57047/session/a959986235bfbb8f7a0d11d8dbc1685d/execute/sync'
13:46:35.268 [Forwarding getPageSource on session a959986235bfbb8f7a0d11d8dbc1685d to remote] DEBUG org.asynchttpclient.netty.request.NettyRequestSender - Using open Channel [id: 0x9de8e87b, L:/127.0.0.1:64529 - R:localhost/127.0.0.1:57047] for POST '/session/a959986235bfbb8f7a0d11d8dbc1685d/execute/sync'
13:46:35.346 [AsyncHttpClient-1-4] DEBUG org.asynchttpclient.netty.handler.HttpHandler - 

Request DefaultHttpRequest(decodeResult: success, version: HTTP/1.1)
POST /session/a959986235bfbb8f7a0d11d8dbc1685d/execute/sync HTTP/1.1
User-Agent: selenium/4.1.2 (java windows)
Content-Length: 176
Content-Type: application/json; charset=utf-8
host: localhost:57047
accept: */*

Response DefaultHttpResponse(decodeResult: success, version: HTTP/1.1)
HTTP/1.1 200 OK
Content-Type: application/json; charset=utf-8
cache-control: no-cache
content-length: 153012

13:46:35.347 [AsyncHttpClient-1-4] DEBUG org.asynchttpclient.netty.channel.ChannelManager - Adding key: http://localhost:57047 for channel [id: 0x9de8e87b, L:/127.0.0.1:64529 - R:localhost/127.0.0.1:57047]
13:46:35.812 [Forwarding getCurrentUrl on session a959986235bfbb8f7a0d11d8dbc1685d to remote] DEBUG org.asynchttpclient.netty.request.NettyRequestSender - Using pooled Channel '[id: 0x9de8e87b, L:/127.0.0.1:64529 - R:localhost/127.0.0.1:57047]' for 'GET' to 'http://localhost:57047/session/a959986235bfbb8f7a0d11d8dbc1685d/url'
13:46:35.812 [Forwarding getCurrentUrl on session a959986235bfbb8f7a0d11d8dbc1685d to remote] DEBUG org.asynchttpclient.netty.request.NettyRequestSender - Using open Channel [id: 0x9de8e87b, L:/127.0.0.1:64529 - R:localhost/127.0.0.1:57047] for GET '/session/a959986235bfbb8f7a0d11d8dbc1685d/url'
13:46:35.879 [AsyncHttpClient-1-4] DEBUG org.asynchttpclient.netty.handler.HttpHandler - 

Request DefaultFullHttpRequest(decodeResult: success, version: HTTP/1.1, content: EmptyByteBufBE)
GET /session/a959986235bfbb8f7a0d11d8dbc1685d/url HTTP/1.1
User-Agent: selenium/4.1.2 (java windows)
Cache-Control: no-cache
Content-Type: application/json; charset=utf-8
host: localhost:57047
accept: */*

Response DefaultHttpResponse(decodeResult: success, version: HTTP/1.1)
HTTP/1.1 200 OK
Content-Type: application/json; charset=utf-8
cache-control: no-cache
content-length: 87

13:46:35.880 [AsyncHttpClient-1-4] DEBUG org.asynchttpclient.netty.channel.ChannelManager - Adding key: http://localhost:57047 for channel [id: 0x9de8e87b, L:/127.0.0.1:64529 - R:localhost/127.0.0.1:57047]
  &amp#27;[31mAnd &amp#27;[0m&amp#27;[31mnew patient registered succesfully&amp#27;[0m                            &amp#27;[90m# starter.definitions.pendaftaranbaru.registsukses()&amp#27;[0m
      &amp#27;[31morg.openqa.selenium.NoSuchElementException: no such element: Unable to locate element: {"method":"xpath","selector":"//strong[normalize-space()='PENDAFTARAN BERHASIL']"}
  (Session info: chrome=103.0.5060.114)
For documentation on this error, please visit: https://selenium.dev/exceptions/#no_such_element
Build info: version: '4.1.2', revision: '9a5a329c5a'
System info: host: 'DESKTOP-KEF9BIM', ip: '192.168.56.1', os.name: 'Windows 10', os.arch: 'amd64', os.version: '10.0', java.version: '1.8.0_202'
Driver info: org.openqa.selenium.chrome.ChromeDriver
Command: [a959986235bfbb8f7a0d11d8dbc1685d, findElement {using=xpath, value=//strong[normalize-space()='PENDAFTARAN BERHASIL']}]
Capabilities {acceptInsecureCerts: false, browserName: chrome, browserVersion: 103.0.5060.114, chrome: {chromedriverVersion: 103.0.5060.53 (a1711811edd7..., userDataDir: C:\Users\Ocky\AppData\Local...}, goog:chromeOptions: {debuggerAddress: localhost:64530}, javascriptEnabled: true, networkConnectionEnabled: false, pageLoadStrategy: normal, platform: WINDOWS, platformName: WINDOWS, proxy: Proxy(), se:cdp: ws://localhost:64530/devtoo..., se:cdpVersion: 103.0.5060.114, setWindowRect: true, strictFileInteractability: false, timeouts: {implicit: 0, pageLoad: 300000, script: 30000}, unhandledPromptBehavior: dismiss and notify, webauthn:extension:credBlob: true, webauthn:extension:largeBlob: true, webauthn:virtualAuthenticators: true}
Session ID: a959986235bfbb8f7a0d11d8dbc1685d
	at sun.reflect.NativeConstructorAccessorImpl.newInstance0(Native Method)
	at sun.reflect.NativeConstructorAccessorImpl.newInstance(NativeConstructorAccessorImpl.java:62)
	at sun.reflect.DelegatingConstructorAccessorImpl.newInstance(DelegatingConstructorAccessorImpl.java:45)
	at java.lang.reflect.Constructor.newInstance(Constructor.java:423)
	at org.openqa.selenium.remote.codec.w3c.W3CHttpResponseCodec.createException(W3CHttpResponseCodec.java:200)
	at org.openqa.selenium.remote.codec.w3c.W3CHttpResponseCodec.decode(W3CHttpResponseCodec.java:133)
	at org.openqa.selenium.remote.codec.w3c.W3CHttpResponseCodec.decode(W3CHttpResponseCodec.java:53)
	at org.openqa.selenium.remote.HttpCommandExecutor.execute(HttpCommandExecutor.java:184)
	at org.openqa.selenium.remote.service.DriverCommandExecutor.invokeExecute(DriverCommandExecutor.java:167)
	at org.openqa.selenium.remote.service.DriverCommandExecutor.execute(DriverCommandExecutor.java:142)
	at org.openqa.selenium.remote.RemoteWebDriver.execute(RemoteWebDriver.java:558)
	at org.openqa.selenium.remote.ElementLocation$ElementFinder$2.findElement(ElementLocation.java:162)
	at org.openqa.selenium.remote.ElementLocation.findElement(ElementLocation.java:60)
	at org.openqa.selenium.remote.RemoteWebDriver.findElement(RemoteWebDriver.java:382)
	at org.openqa.selenium.remote.RemoteWebDriver.findElement(RemoteWebDriver.java:374)
	at net.thucydides.core.webdriver.WebDriverFacade.findElement(WebDriverFacade.java:224)
	at net.serenitybdd.core.pages.WebElementResolverByLocator.resolveForDriver(WebElementResolverByLocator.java:25)
	at net.serenitybdd.core.pages.WebElementFacadeImpl.getResolvedElement(WebElementFacadeImpl.java:191)
	at net.serenitybdd.core.pages.WebElementFacadeImpl.getElement(WebElementFacadeImpl.java:186)
	at net.serenitybdd.core.pages.WebElementFacadeImpl.isDisplayed(WebElementFacadeImpl.java:1289)
	at starter.pages.pendaftaranbarupage.validateSuccess(pendaftaranbarupage.java:51)
	at starter.pages.pendaftaranbarupage$ByteBuddy$5ChAIoOD.validateSuccess$accessor$r6ccuCKz(Unknown Source)
	at sun.reflect.NativeMethodAccessorImpl.invoke0(Native Method)
	at sun.reflect.NativeMethodAccessorImpl.invoke(NativeMethodAccessorImpl.java:62)
	at sun.reflect.DelegatingMethodAccessorImpl.invoke(DelegatingMethodAccessorImpl.java:43)
	at java.lang.reflect.Method.invoke(Method.java:498)
	at net.thucydides.core.steps.StepInterceptor.invokeMethod(StepInterceptor.java:503)
	at net.thucydides.core.steps.StepInterceptor.executeTestStepMethod(StepInterceptor.java:483)
	at net.thucydides.core.steps.StepInterceptor.runTestStep(StepInterceptor.java:457)
	at net.thucydides.core.steps.StepInterceptor.runOrSkipMethod(StepInterceptor.java:209)
	at net.thucydides.core.steps.StepInterceptor.testStepResult(StepInterceptor.java:196)
	at net.thucydides.core.steps.StepInterceptor.intercept(StepInterceptor.java:84)
	at net.thucydides.core.steps.ProxyConfiguration$InterceptorDispatcher.intercept(ProxyConfiguration.java:51)
	at starter.pages.pendaftaranbarupage$ByteBuddy$5ChAIoOD.validateSuccess(Unknown Source)
	at starter.definitions.pendaftaranbaru.registsukses(pendaftaranbaru.java:55)
	at âœ½.new patient registered succesfully(file:///C:/Users/Ocky/Documents/final_project/web%20testing/src/test/resources/features/pendaftaranbaru.feature:22)
&amp#27;[0m
13:46:35.904 [main] ERROR  - 
  _____   ___   ___   _____     ___   ___   ___    ___    ___ 
 |_   _| | __| / __| |_   _|   | __| | _ \ | _ \  / _ \  | _ \
   | |   | _|  \__ \   | |     | _|  |   / |   / | (_) | |   /
   |_|   |___| |___/   |_|     |___| |_|_\ |_|_\  \___/  |_|_\

As admin I want to register a new patient with valid data
---------------------------------------------------------------
13:46:35.904 [main] DEBUG  - RELATED ISSUES: 
13:46:35.905 [main] ERROR  -     Test failed at step: Validate success
13:46:35.905 [main] ERROR  -     no such element: Unable to locate element: {"method":"xpath","selector":"//strong[normalize-space()='PENDAFTARAN BERHASIL']"}
13:46:35.909 [AsyncHttpClient-1-6] DEBUG org.asynchttpclient.netty.handler.WebSocketHandler - Channel Closed: [id: 0xb1eb379c, L:/127.0.0.1:64538 ! R:localhost/127.0.0.1:64530] with attribute NettyResponseFuture{currentRetry=5,
	isDone=1,
	isCancelled=0,
	asyncHandler=org.asynchttpclient.ws.WebSocketUpgradeHandler@3f5c80e9,
	nettyRequest=org.asynchttpclient.netty.request.NettyRequest@2bde61ca,
	future=java.util.concurrent.CompletableFuture@485365d1[Completed normally],
	uri=ws://localhost:64530/devtools/browser/2c499222-1608-4f99-ab64-dd950997bb89,
	keepAlive=true,
	redirectCount=0,
	timeoutsHolder=null,
	inAuth=0,
	touch=1658213173209}
13:46:35.909 [AsyncHttpClient-1-6] DEBUG org.asynchttpclient.netty.channel.ChannelManager - Closing Channel [id: 0xb1eb379c, L:/127.0.0.1:64538 ! R:localhost/127.0.0.1:64530] 
13:46:35.933 [Driver Command Executor] DEBUG org.asynchttpclient.netty.request.NettyRequestSender - Using pooled Channel '[id: 0x9de8e87b, L:/127.0.0.1:64529 - R:localhost/127.0.0.1:57047]' for 'DELETE' to 'http://localhost:57047/session/a959986235bfbb8f7a0d11d8dbc1685d'
13:46:35.933 [Driver Command Executor] DEBUG org.asynchttpclient.netty.request.NettyRequestSender - Using open Channel [id: 0x9de8e87b, L:/127.0.0.1:64529 - R:localhost/127.0.0.1:57047] for DELETE '/session/a959986235bfbb8f7a0d11d8dbc1685d'
13:46:36.337 [AsyncHttpClient-1-1] DEBUG org.asynchttpclient.netty.channel.DefaultChannelPool - Entry count for : http://localhost:64530 : 1
13:46:36.653 [AsyncHttpClient-1-5] DEBUG org.asynchttpclient.netty.handler.HttpHandler - Unexpected I/O exception on channel [id: 0x6af4da8c, L:/127.0.0.1:64537 - R:localhost/127.0.0.1:64530]
java.io.IOException: An existing connection was forcibly closed by the remote host
	at sun.nio.ch.SocketDispatcher.read0(Native Method)
	at sun.nio.ch.SocketDispatcher.read(SocketDispatcher.java:43)
	at sun.nio.ch.IOUtil.readIntoNativeBuffer(IOUtil.java:223)
	at sun.nio.ch.IOUtil.read(IOUtil.java:192)
	at sun.nio.ch.SocketChannelImpl.read(SocketChannelImpl.java:380)
	at io.netty.buffer.PooledByteBuf.setBytes(PooledByteBuf.java:258)
	at io.netty.buffer.AbstractByteBuf.writeBytes(AbstractByteBuf.java:1132)
	at io.netty.channel.socket.nio.NioSocketChannel.doReadBytes(NioSocketChannel.java:350)
	at io.netty.channel.nio.AbstractNioByteChannel$NioByteUnsafe.read(AbstractNioByteChannel.java:151)
	at io.netty.channel.nio.NioEventLoop.processSelectedKey(NioEventLoop.java:722)
	at io.netty.channel.nio.NioEventLoop.processSelectedKeysOptimized(NioEventLoop.java:658)
	at io.netty.channel.nio.NioEventLoop.processSelectedKeys(NioEventLoop.java:584)
	at io.netty.channel.nio.NioEventLoop.run(NioEventLoop.java:496)
	at io.netty.util.concurrent.SingleThreadEventExecutor$4.run(SingleThreadEventExecutor.java:986)
	at io.netty.util.internal.ThreadExecutorMap$2.run(ThreadExecutorMap.java:74)
	at io.netty.util.concurrent.FastThreadLocalRunnable.run(FastThreadLocalRunnable.java:30)
	at java.lang.Thread.run(Thread.java:748)
13:46:36.653 [AsyncHttpClient-1-5] DEBUG org.asynchttpclient.netty.channel.ChannelManager - Closing Channel [id: 0x6af4da8c, L:/127.0.0.1:64537 - R:localhost/127.0.0.1:64530] 
13:46:36.654 [AsyncHttpClient-1-5] DEBUG org.asynchttpclient.netty.handler.HttpHandler - Channel Closed: [id: 0x6af4da8c, L:/127.0.0.1:64537 ! R:localhost/127.0.0.1:64530] with attribute DISCARD
13:46:36.717 [AsyncHttpClient-1-4] DEBUG org.asynchttpclient.netty.handler.HttpHandler - 

Request DefaultFullHttpRequest(decodeResult: success, version: HTTP/1.1, content: EmptyByteBufBE)
DELETE /session/a959986235bfbb8f7a0d11d8dbc1685d HTTP/1.1
User-Agent: selenium/4.1.2 (java windows)
Content-Type: application/json; charset=utf-8
host: localhost:57047
accept: */*

Response DefaultHttpResponse(decodeResult: success, version: HTTP/1.1)
HTTP/1.1 200 OK
Content-Type: application/json; charset=utf-8
cache-control: no-cache
content-length: 14

13:46:36.717 [AsyncHttpClient-1-4] DEBUG org.asynchttpclient.netty.channel.ChannelManager - Adding key: http://localhost:57047 for channel [id: 0x9de8e87b, L:/127.0.0.1:64529 - R:localhost/127.0.0.1:57047]
13:46:36.899 [AsyncHttpClient-1-4] DEBUG org.asynchttpclient.netty.handler.HttpHandler - Channel Closed: [id: 0x9de8e87b, L:/127.0.0.1:64529 ! R:localhost/127.0.0.1:57047] with attribute DISCARD
13:46:37.429 [AsyncHttpClient-1-1] DEBUG org.asynchttpclient.netty.channel.DefaultChannelPool - Entry count for : http://localhost:57047 : 1
13:46:37.429 [AsyncHttpClient-1-1] DEBUG org.asynchttpclient.netty.channel.DefaultChannelPool - Entry count for : http://localhost:64530 : 1
13:46:37.429 [AsyncHttpClient-1-1] DEBUG org.asynchttpclient.netty.channel.DefaultChannelPool - Adding Candidate expired Channel [id: 0x9de8e87b, L:/127.0.0.1:64529 ! R:localhost/127.0.0.1:57047] isIdleTimeoutExpired=false isRemotelyClosed=true isTtlExpired=false
13:46:37.429 [AsyncHttpClient-1-1] DEBUG org.asynchttpclient.netty.channel.DefaultChannelPool - Closing Idle Channel [id: 0x9de8e87b, L:/127.0.0.1:64529 ! R:localhost/127.0.0.1:57047]
13:46:37.429 [AsyncHttpClient-1-1] DEBUG org.asynchttpclient.netty.channel.DefaultChannelPool - Adding Candidate expired Channel [id: 0x6af4da8c, L:/127.0.0.1:64537 ! R:localhost/127.0.0.1:64530] isIdleTimeoutExpired=false isRemotelyClosed=true isTtlExpired=false
13:46:37.429 [AsyncHttpClient-1-1] DEBUG org.asynchttpclient.netty.channel.DefaultChannelPool - Closing Idle Channel [id: 0x6af4da8c, L:/127.0.0.1:64537 ! R:localhost/127.0.0.1:64530]
13:46:37.429 [AsyncHttpClient-1-1] DEBUG org.asynchttpclient.netty.channel.DefaultChannelPool - Closed 2 connections out of 2 in 0 ms
]]></system-out>
    <system-err><![CDATA[Starting ChromeDriver 103.0.5060.53 (a1711811edd74ff1cf2150f36ffa3b0dae40b17f-refs/branch-heads/5060@{#853}) on port 57047
Only local connections are allowed.
Please see https://chromedriver.chromium.org/security-considerations for suggestions on keeping ChromeDriver safe.
ChromeDriver was started successfully.
Jul 19, 2022 1:46:13 PM org.openqa.selenium.remote.ProtocolHandshake createSession
INFO: Detected dialect: W3C
Jul 19, 2022 1:46:13 PM org.openqa.selenium.devtools.CdpVersionFinder findNearestMatch
WARNING: Unable to find an exact match for CDP version 103, so returning the closest version found: a no-op implementation
Jul 19, 2022 1:46:13 PM org.openqa.selenium.devtools.CdpVersionFinder findNearestMatch
INFO: Unable to find CDP implementation matching 103.
Jul 19, 2022 1:46:13 PM org.openqa.selenium.chromium.ChromiumDriver lambda$new$3
WARNING: Unable to find version of CDP to use for . You may need to include a dependency on a specific version of the CDP using something similar to `org.seleniumhq.selenium:selenium-devtools-v86:4.1.2` where the version ("v86") matches the version of the chromium-based browser you're using and the version number of the artifact is the same as Selenium's.
]]></system-err>
  </testcase>
</testsuite>